[35m[1mConsolidate compiler generated dependencies of target isolating_bearing[0m
[ 25%] Built target talkerfloat
[ 50%] Built target state_publisher
[ 75%] Built target listenerfloat
[ 87%] [32mBuilding CXX object CMakeFiles/isolating_bearing.dir/src/isolating_bearing.cpp.o[0m
[01m[K/home/t-lemmel/Aquabot_Tom/src/test_float/src/isolating_bearing.cpp:[m[K In function â€˜[01m[Kvoid isolate_bearing(ros_gz_interfaces::msg::ParamVec_<std::allocator<void> >::SharedPtr)[m[Kâ€™:
[01m[K/home/t-lemmel/Aquabot_Tom/src/test_float/src/isolating_bearing.cpp:19:24:[m[K [01;31m[Kerror: [m[Kâ€˜[01m[Kbearing[m[Kâ€™ was not declared in this scope
   19 |     publisher->publish([01;31m[Kbearing[m[K);
      |                        [01;31m[K^~~~~~~[m[K
gmake[2]: *** [CMakeFiles/isolating_bearing.dir/build.make:76: CMakeFiles/isolating_bearing.dir/src/isolating_bearing.cpp.o] Error 1
gmake[1]: *** [CMakeFiles/Makefile2:221: CMakeFiles/isolating_bearing.dir/all] Error 2
gmake: *** [Makefile:146: all] Error 2
