[0.352s] Invoking command in '/home/t-lemmel/Aquabot_Tom/build/move': CMAKE_PREFIX_PATH=${CMAKE_PREFIX_PATH}:/opt/ros/humble PS1_ori=\[\e]0;\u@\h: \w\a\]${debian_chroot:+($debian_chroot)}\[\033[01;32m\]\u@\h\[\033[00m\]:\[\033[01;34m\]\w\[\033[00m\]\$ /usr/bin/cmake --build /home/t-lemmel/Aquabot_Tom/build/move -- -j8 -l8
[0.407s] -- Found ament_cmake_auto: 1.3.5 (/opt/ros/humble/share/ament_cmake_auto/cmake)
[0.674s] -- Override CMake install command with custom implementation using symlinks instead of copying resources
[0.807s] -- Found rosidl_generator_c: 3.1.5 (/opt/ros/humble/share/rosidl_generator_c/cmake)
[0.810s] -- Found rosidl_adapter: 3.1.5 (/opt/ros/humble/share/rosidl_adapter/cmake)
[0.819s] -- Found rosidl_generator_cpp: 3.1.5 (/opt/ros/humble/share/rosidl_generator_cpp/cmake)
[0.833s] -- Using all available rosidl_typesupport_c: rosidl_typesupport_fastrtps_c;rosidl_typesupport_introspection_c
[0.854s] -- Using all available rosidl_typesupport_cpp: rosidl_typesupport_fastrtps_cpp;rosidl_typesupport_introspection_cpp
[0.936s] -- Found rmw_implementation_cmake: 6.1.1 (/opt/ros/humble/share/rmw_implementation_cmake/cmake)
[0.938s] -- Found rmw_fastrtps_cpp: 6.2.4 (/opt/ros/humble/share/rmw_fastrtps_cpp/cmake)
[1.113s] -- Using RMW implementation 'rmw_fastrtps_cpp' as default
[2.335s] -- Configuring done
[2.354s] -- Generating done
[2.357s] -- Build files have been written to: /home/t-lemmel/Aquabot_Tom/build/move
[2.405s] [ 25%] [32mBuilding CXX object CMakeFiles/waypoint_tracker.dir/src/waypoint_tracker.cpp.o[0m
[2.406s] [ 50%] [32mBuilding CXX object CMakeFiles/gps2pose.dir/src/gps2pose.cpp.o[0m
[2.916s] [01m[K/home/t-lemmel/Aquabot_Tom/src/move/src/gps2pose.cpp:8:10:[m[K [01;31m[Kfatal error: [m[Kros_gz_interfaces/msg/param_vec.hpp: No such file or directory
[2.917s]     8 | #include [01;31m[K<ros_gz_interfaces/msg/param_vec.hpp>[m[K
[2.917s]       |          [01;31m[K^~~~~~~~~~~~~~~~~~~~~~~~~~~~~~~~~~~~~[m[K
[2.917s] compilation terminated.
[2.924s] gmake[2]: *** [CMakeFiles/gps2pose.dir/build.make:76: CMakeFiles/gps2pose.dir/src/gps2pose.cpp.o] Error 1
[2.924s] gmake[1]: *** [CMakeFiles/Makefile2:139: CMakeFiles/gps2pose.dir/all] Error 2
[2.925s] gmake[1]: *** Waiting for unfinished jobs....
[5.637s] [01m[K/home/t-lemmel/Aquabot_Tom/src/move/src/waypoint_tracker.cpp:[m[K In constructor â€˜[01m[KTracker::Tracker()[m[Kâ€™:
[5.637s] [01m[K/home/t-lemmel/Aquabot_Tom/src/move/src/waypoint_tracker.cpp:22:9:[m[K [01;31m[Kerror: [m[Kno matching function for call to â€˜[01m[Kgeometry_msgs::msg::Quaternion_<std::allocator<void> >::Quaternion_(double)[m[Kâ€™
[5.637s]    22 |         [01;31m[Korientation(0.0)[m[K {
[5.637s]       |         [01;31m[K^~~~~~~~~~~~~~~~[m[K
[5.637s] In file included from [01m[K/opt/ros/humble/include/sensor_msgs/sensor_msgs/msg/detail/imu__struct.hpp:22[m[K,
[5.637s]                  from [01m[K/opt/ros/humble/include/sensor_msgs/sensor_msgs/msg/imu.hpp:7[m[K,
[5.637s]                  from [01m[K/home/t-lemmel/Aquabot_Tom/src/move/src/waypoint_tracker.cpp:4[m[K:
[5.638s] [01m[K/opt/ros/humble/include/geometry_msgs/geometry_msgs/msg/detail/quaternion__struct.hpp:53:12:[m[K [01;36m[Knote: [m[Kcandidate: â€˜[01m[Kgeometry_msgs::msg::Quaternion_<ContainerAllocator>::Quaternion_(const ContainerAllocator&, rosidl_runtime_cpp::MessageInitialization) [with ContainerAllocator = std::allocator<void>][m[Kâ€™
[5.638s]    53 |   explicit [01;36m[KQuaternion_[m[K(const ContainerAllocator & _alloc, rosidl_runtime_cpp::MessageInitialization _init = rosidl_runtime_cpp::MessageInitialization::ALL)
[5.638s]       |            [01;36m[K^~~~~~~~~~~[m[K
[5.638s] [01m[K/opt/ros/humble/include/geometry_msgs/geometry_msgs/msg/detail/quaternion__struct.hpp:53:51:[m[K [01;36m[Knote: [m[K  no known conversion for argument 1 from â€˜[01m[Kdouble[m[Kâ€™ to â€˜[01m[Kconst std::allocator<void>&[m[Kâ€™
[5.638s]    53 |   explicit Quaternion_([01;36m[Kconst ContainerAllocator & _alloc[m[K, rosidl_runtime_cpp::MessageInitialization _init = rosidl_runtime_cpp::MessageInitialization::ALL)
[5.638s]       |                        [01;36m[K~~~~~~~~~~~~~~~~~~~~~~~~~~~^~~~~~[m[K
[5.638s] [01m[K/opt/ros/humble/include/geometry_msgs/geometry_msgs/msg/detail/quaternion__struct.hpp:36:12:[m[K [01;36m[Knote: [m[Kcandidate: â€˜[01m[Kgeometry_msgs::msg::Quaternion_<ContainerAllocator>::Quaternion_(rosidl_runtime_cpp::MessageInitialization) [with ContainerAllocator = std::allocator<void>][m[Kâ€™
[5.638s]    36 |   explicit [01;36m[KQuaternion_[m[K(rosidl_runtime_cpp::MessageInitialization _init = rosidl_runtime_cpp::MessageInitialization::ALL)
[5.638s]       |            [01;36m[K^~~~~~~~~~~[m[K
[5.638s] [01m[K/opt/ros/humble/include/geometry_msgs/geometry_msgs/msg/detail/quaternion__struct.hpp:36:66:[m[K [01;36m[Knote: [m[K  no known conversion for argument 1 from â€˜[01m[Kdouble[m[Kâ€™ to â€˜[01m[Krosidl_runtime_cpp::MessageInitialization[m[Kâ€™
[5.638s]    36 |   explicit Quaternion_([01;36m[Krosidl_runtime_cpp::MessageInitialization _init = rosidl_runtime_cpp::MessageInitialization::ALL[m[K)
[5.638s]       |                        [01;36m[K~~~~~~~~~~~~~~~~~~~~~~~~~~~~~~~~~~~~~~~~~~^~~~~~~~~~~~~~~~~~~~~~~~~~~~~~~~~~~~~~~~~~~~~~~~~~~~~~[m[K
[5.638s] [01m[K/opt/ros/humble/include/geometry_msgs/geometry_msgs/msg/detail/quaternion__struct.hpp:32:8:[m[K [01;36m[Knote: [m[Kcandidate: â€˜[01m[Kconstexpr geometry_msgs::msg::Quaternion_<std::allocator<void> >::Quaternion_(const geometry_msgs::msg::Quaternion_<std::allocator<void> >&)[m[Kâ€™
[5.639s]    32 | struct [01;36m[KQuaternion_[m[K
[5.639s]       |        [01;36m[K^~~~~~~~~~~[m[K
[5.639s] [01m[K/opt/ros/humble/include/geometry_msgs/geometry_msgs/msg/detail/quaternion__struct.hpp:32:8:[m[K [01;36m[Knote: [m[K  no known conversion for argument 1 from â€˜[01m[Kdouble[m[Kâ€™ to â€˜[01m[Kconst geometry_msgs::msg::Quaternion_<std::allocator<void> >&[m[Kâ€™
[5.639s] [01m[K/opt/ros/humble/include/geometry_msgs/geometry_msgs/msg/detail/quaternion__struct.hpp:32:8:[m[K [01;36m[Knote: [m[Kcandidate: â€˜[01m[Kconstexpr geometry_msgs::msg::Quaternion_<std::allocator<void> >::Quaternion_(geometry_msgs::msg::Quaternion_<std::allocator<void> >&&)[m[Kâ€™
[5.639s] [01m[K/opt/ros/humble/include/geometry_msgs/geometry_msgs/msg/detail/quaternion__struct.hpp:32:8:[m[K [01;36m[Knote: [m[K  no known conversion for argument 1 from â€˜[01m[Kdouble[m[Kâ€™ to â€˜[01m[Kgeometry_msgs::msg::Quaternion_<std::allocator<void> >&&[m[Kâ€™
[5.639s] [01m[K/home/t-lemmel/Aquabot_Tom/src/move/src/waypoint_tracker.cpp:22:24:[m[K [01;31m[Kerror: [m[Kno matching function for call to â€˜[01m[Ktf2_ros::Buffer::Buffer()[m[Kâ€™
[5.639s]    22 |         orientation(0.0[01;31m[K)[m[K {
[5.639s]       |                        [01;31m[K^[m[K
[5.639s] In file included from [01m[K/home/t-lemmel/Aquabot_Tom/src/move/src/waypoint_tracker.cpp:7[m[K:
[5.639s] [01m[K/opt/ros/humble/include/tf2_ros/tf2_ros/buffer.h:73:18:[m[K [01;36m[Knote: [m[Kcandidate: â€˜[01m[Ktf2_ros::Buffer::Buffer(rclcpp::Clock::SharedPtr, tf2::Duration, rclcpp::Node::SharedPtr)[m[Kâ€™
[5.639s]    73 |   TF2_ROS_PUBLIC [01;36m[KBuffer[m[K(
[5.639s]       |                  [01;36m[K^~~~~~[m[K
[5.692s] [01m[K/opt/ros/humble/include/tf2_ros/tf2_ros/buffer.h:73:18:[m[K [01;36m[Knote: [m[K  candidate expects 3 arguments, 0 provided
[5.697s] [01m[K/home/t-lemmel/Aquabot_Tom/src/move/src/waypoint_tracker.cpp:24:50:[m[K [01;31m[Kerror: [m[Kâ€˜[01m[Kclass std::__cxx11::basic_string<char>[m[Kâ€™ has no member named â€˜[01m[Kget_value[m[Kâ€™
[5.697s]    24 |     target = declare_parameter("target", "none").[01;31m[Kget_value[m[K<std::string>();
[5.697s]       |                                                  [01;31m[K^~~~~~~~~[m[K
[5.697s] [01m[K/home/t-lemmel/Aquabot_Tom/src/move/src/waypoint_tracker.cpp:24:71:[m[K [01;31m[Kerror: [m[Kexpected primary-expression before â€˜[01m[K>[m[Kâ€™ token
[5.697s]    24 |     target = declare_parameter("target", "none").get_value<std::string[01;31m[K>[m[K();
[5.698s]       |                                                                       [01;31m[K^[m[K
[5.698s] [01m[K/home/t-lemmel/Aquabot_Tom/src/move/src/waypoint_tracker.cpp:24:73:[m[K [01;31m[Kerror: [m[Kexpected primary-expression before â€˜[01m[K)[m[Kâ€™ token
[5.698s]    24 |     target = declare_parameter("target", "none").get_value<std::string>([01;31m[K)[m[K;
[5.698s]       |                                                                         [01;31m[K^[m[K
[5.701s] [01m[K/home/t-lemmel/Aquabot_Tom/src/move/src/waypoint_tracker.cpp:26:51:[m[K [01;31m[Kerror: [m[Krequest for member â€˜[01m[Kget_value[m[Kâ€™ in â€˜[01m[K((Tracker*)this)->Tracker::<anonymous>.rclcpp::Node::declare_parameter<double>(std::__cxx11::basic_string<char>(((const char*)"distance"), std::allocator<char>()), 0.0, rcl_interfaces::msg::ParameterDescriptor_<std::allocator<void> >(rosidl_runtime_cpp::MessageInitialization::ALL), 0)[m[Kâ€™, which is of non-class type â€˜[01m[Kdouble[m[Kâ€™
[5.701s]    26 |     distance = declare_parameter("distance", 0.0).[01;31m[Kget_value[m[K<float>();
[5.702s]       |                                                   [01;31m[K^~~~~~~~~[m[K
[5.702s] [01m[K/home/t-lemmel/Aquabot_Tom/src/move/src/waypoint_tracker.cpp:26:61:[m[K [01;31m[Kerror: [m[Kexpected primary-expression before â€˜[01m[Kfloat[m[Kâ€™
[5.702s]    26 |     distance = declare_parameter("distance", 0.0).get_value<[01;31m[Kfloat[m[K>();
[5.702s]       |                                                             [01;31m[K^~~~~[m[K
[5.719s] [01m[K/home/t-lemmel/Aquabot_Tom/src/move/src/waypoint_tracker.cpp:47:5:[m[K [01;31m[Kerror: [m[Kexpected â€˜[01m[K;[m[Kâ€™ before â€˜[01m[KKw[m[Kâ€™
[5.719s]    47 |     [01;31m[KKw[m[K = 1.0
[5.719s]       |     [01;31m[K^~[m[K
[5.719s] [01m[K/home/t-lemmel/Aquabot_Tom/src/move/src/waypoint_tracker.cpp:53:83:[m[K [01;31m[Kerror: [m[Kexpected primary-expression before â€˜[01m[K)[m[Kâ€™ token
[5.720s]    53 |     timer = create_timer(std::chrono::milliseconds(10), [this]() { this->move(); }[01;31m[K)[m[K;
[5.720s]       |                                                                                   [01;31m[K^[m[K
[5.720s] [01m[K/home/t-lemmel/Aquabot_Tom/src/move/src/waypoint_tracker.cpp:[m[K In member function â€˜[01m[Kvoid Tracker::move()[m[Kâ€™:
[5.721s] [01m[K/home/t-lemmel/Aquabot_Tom/src/move/src/waypoint_tracker.cpp:67:39:[m[K [01;31m[Kerror: [m[Kâ€˜[01m[Kclass tf2_ros::Buffer[m[Kâ€™ has no member named â€˜[01m[Klookup_transform[m[Kâ€™; did you mean â€˜[01m[KlookupTransform[m[Kâ€™?
[5.721s]    67 |       tf2::TimePoint time = tf_buffer.[01;31m[Klookup_transform[m[K("world", me, rclcpp::Time()).header.stamp;
[5.721s]       |                                       [01;31m[K^~~~~~~~~~~~~~~~[m[K
[5.721s]       |                                       [32m[KlookupTransform[m[K
[5.721s] [01m[K/home/t-lemmel/Aquabot_Tom/src/move/src/waypoint_tracker.cpp:73:63:[m[K [01;31m[Kerror: [m[Kâ€˜[01m[Kclass tf2_ros::Buffer[m[Kâ€™ has no member named â€˜[01m[Klookup_transform[m[Kâ€™; did you mean â€˜[01m[KlookupTransform[m[Kâ€™?
[5.721s]    73 |         geometry_msgs::msg::TransformStamped pose = tf_buffer.[01;31m[Klookup_transform[m[K("world", me, time);
[5.721s]       |                                                               [01;31m[K^~~~~~~~~~~~~~~~[m[K
[5.722s]       |                                                               [32m[KlookupTransform[m[K
[5.723s] [01m[K/home/t-lemmel/Aquabot_Tom/src/move/src/waypoint_tracker.cpp:88:75:[m[K [01;31m[Kerror: [m[Kâ€˜[01m[Kclass tf2_ros::Buffer[m[Kâ€™ has no member named â€˜[01m[Klookup_transform[m[Kâ€™; did you mean â€˜[01m[KlookupTransform[m[Kâ€™?
[5.723s]    88 |         geometry_msgs::msg::TransformStamped err_world_target = tf_buffer.[01;31m[Klookup_transform[m[K("world", target, time).transform;
[5.724s]       |                                                                           [01;31m[K^~~~~~~~~~~~~~~~[m[K
[5.724s]       |                                                                           [32m[KlookupTransform[m[K
[5.724s] [01m[K/home/t-lemmel/Aquabot_Tom/src/move/src/waypoint_tracker.cpp:90:73:[m[K [01;31m[Kerror: [m[Kâ€˜[01m[Kclass tf2_ros::Buffer[m[Kâ€™ has no member named â€˜[01m[Klookup_transform[m[Kâ€™; did you mean â€˜[01m[KlookupTransform[m[Kâ€™?
[5.724s]    90 |         geometry_msgs::msg::TransformStamped err_world_boat = tf_buffer.[01;31m[Klookup_transform[m[K("world", me, time).transform;
[5.724s]       |                                                                         [01;31m[K^~~~~~~~~~~~~~~~[m[K
[5.724s]       |                                                                         [32m[KlookupTransform[m[K
[5.724s] [01m[K/home/t-lemmel/Aquabot_Tom/src/move/src/waypoint_tracker.cpp:93:56:[m[K [01;31m[Kerror: [m[Kâ€˜[01m[Kusing TransformStamped = struct geometry_msgs::msg::TransformStamped_<std::allocator<void> >[m[Kâ€™ {aka â€˜[01m[Kstruct geometry_msgs::msg::TransformStamped_<std::allocator<void> >[m[Kâ€™} has no member named â€˜[01m[Ktranslation[m[Kâ€™
[5.724s]    93 |         err.transform.translation.x = err_world_target.[01;31m[Ktranslation[m[K.x - err_world_boat.translation.x;
[5.724s]       |                                                        [01;31m[K^~~~~~~~~~~[m[K
[5.724s] [01m[K/home/t-lemmel/Aquabot_Tom/src/move/src/waypoint_tracker.cpp:93:87:[m[K [01;31m[Kerror: [m[Kâ€˜[01m[Kusing TransformStamped = struct geometry_msgs::msg::TransformStamped_<std::allocator<void> >[m[Kâ€™ {aka â€˜[01m[Kstruct geometry_msgs::msg::TransformStamped_<std::allocator<void> >[m[Kâ€™} has no member named â€˜[01m[Ktranslation[m[Kâ€™
[5.725s]    93 |         err.transform.translation.x = err_world_target.translation.x - err_world_boat.[01;31m[Ktranslation[m[K.x;
[5.725s]       |                                                                                       [01;31m[K^~~~~~~~~~~[m[K
[5.725s] [01m[K/home/t-lemmel/Aquabot_Tom/src/move/src/waypoint_tracker.cpp:94:56:[m[K [01;31m[Kerror: [m[Kâ€˜[01m[Kusing TransformStamped = struct geometry_msgs::msg::TransformStamped_<std::allocator<void> >[m[Kâ€™ {aka â€˜[01m[Kstruct geometry_msgs::msg::TransformStamped_<std::allocator<void> >[m[Kâ€™} has no member named â€˜[01m[Ktranslation[m[Kâ€™
[5.725s]    94 |         err.transform.translation.y = err_world_target.[01;31m[Ktranslation[m[K.y - err_world_boat.translation.y;
[5.725s]       |                                                        [01;31m[K^~~~~~~~~~~[m[K
[5.725s] [01m[K/home/t-lemmel/Aquabot_Tom/src/move/src/waypoint_tracker.cpp:94:87:[m[K [01;31m[Kerror: [m[Kâ€˜[01m[Kusing TransformStamped = struct geometry_msgs::msg::TransformStamped_<std::allocator<void> >[m[Kâ€™ {aka â€˜[01m[Kstruct geometry_msgs::msg::TransformStamped_<std::allocator<void> >[m[Kâ€™} has no member named â€˜[01m[Ktranslation[m[Kâ€™
[5.725s]    94 |         err.transform.translation.y = err_world_target.translation.y - err_world_boat.[01;31m[Ktranslation[m[K.y;
[5.725s]       |                                                                                       [01;31m[K^~~~~~~~~~~[m[K
[5.725s] [01m[K/home/t-lemmel/Aquabot_Tom/src/move/src/waypoint_tracker.cpp:118:29:[m[K [01;31m[Kerror: [m[Kâ€˜[01m[Kclamp[m[Kâ€™ was not declared in this scope; did you mean â€˜[01m[Kstd::clamp[m[Kâ€™?
[5.726s]   118 |         msg_distance.data = [01;31m[Kclamp[m[K(msg_distance.data, 1000.0);
[5.726s]       |                             [01;31m[K^~~~~[m[K
[5.726s]       |                             [32m[Kstd::clamp[m[K
[5.726s] In file included from [01m[K/usr/include/c++/11/algorithm:62[m[K,
[5.726s]                  from [01m[K/opt/ros/humble/include/rclcpp/rclcpp/executor.hpp:18[m[K,
[5.726s]                  from [01m[K/opt/ros/humble/include/rclcpp/rclcpp/executors/multi_threaded_executor.hpp:25[m[K,
[5.726s]                  from [01m[K/opt/ros/humble/include/rclcpp/rclcpp/executors.hpp:21[m[K,
[5.726s]                  from [01m[K/opt/ros/humble/include/rclcpp/rclcpp/rclcpp.hpp:155[m[K,
[5.726s]                  from [01m[K/home/t-lemmel/Aquabot_Tom/src/move/src/waypoint_tracker.cpp:1[m[K:
[5.726s] [01m[K/usr/include/c++/11/bits/stl_algo.h:3674:5:[m[K [01;36m[Knote: [m[Kâ€˜[01m[Kstd::clamp[m[Kâ€™ declared here
[5.727s]  3674 |     [01;36m[Kclamp[m[K(const _Tp& __val, const _Tp& __lo, const _Tp& __hi, _Compare __comp)
[5.727s]       |     [01;36m[K^~~~~[m[K
[5.727s] [01m[K/home/t-lemmel/Aquabot_Tom/src/move/src/waypoint_tracker.cpp:120:29:[m[K [01;31m[Kerror: [m[Kâ€˜[01m[Kclamp[m[Kâ€™ was not declared in this scope; did you mean â€˜[01m[Kstd::clamp[m[Kâ€™?
[5.727s]   120 |         msg_distance.data = [01;31m[Kclamp[m[K(msg_distance.data, 6000.0);
[5.727s]       |                             [01;31m[K^~~~~[m[K
[5.727s]       |                             [32m[Kstd::clamp[m[K
[5.727s] In file included from [01m[K/usr/include/c++/11/algorithm:62[m[K,
[5.727s]                  from [01m[K/opt/ros/humble/include/rclcpp/rclcpp/executor.hpp:18[m[K,
[5.727s]                  from [01m[K/opt/ros/humble/include/rclcpp/rclcpp/executors/multi_threaded_executor.hpp:25[m[K,
[5.727s]                  from [01m[K/opt/ros/humble/include/rclcpp/rclcpp/executors.hpp:21[m[K,
[5.728s]                  from [01m[K/opt/ros/humble/include/rclcpp/rclcpp/rclcpp.hpp:155[m[K,
[5.728s]                  from [01m[K/home/t-lemmel/Aquabot_Tom/src/move/src/waypoint_tracker.cpp:1[m[K:
[5.728s] [01m[K/usr/include/c++/11/bits/stl_algo.h:3674:5:[m[K [01;36m[Knote: [m[Kâ€˜[01m[Kstd::clamp[m[Kâ€™ declared here
[5.728s]  3674 |     [01;36m[Kclamp[m[K(const _Tp& __val, const _Tp& __lo, const _Tp& __hi, _Compare __comp)
[5.728s]       |     [01;36m[K^~~~~[m[K
[5.728s] [01m[K/home/t-lemmel/Aquabot_Tom/src/move/src/waypoint_tracker.cpp:122:29:[m[K [01;31m[Kerror: [m[Kâ€˜[01m[Kclamp[m[Kâ€™ was not declared in this scope; did you mean â€˜[01m[Kstd::clamp[m[Kâ€™?
[5.728s]   122 |         msg_distance.data = [01;31m[Kclamp[m[K(msg_distance.data, 12000.0);
[5.728s]       |                             [01;31m[K^~~~~[m[K
[5.728s]       |                             [32m[Kstd::clamp[m[K
[5.728s] In file included from [01m[K/usr/include/c++/11/algorithm:62[m[K,
[5.728s]                  from [01m[K/opt/ros/humble/include/rclcpp/rclcpp/executor.hpp:18[m[K,
[5.728s]                  from [01m[K/opt/ros/humble/include/rclcpp/rclcpp/executors/multi_threaded_executor.hpp:25[m[K,
[5.729s]                  from [01m[K/opt/ros/humble/include/rclcpp/rclcpp/executors.hpp:21[m[K,
[5.729s]                  from [01m[K/opt/ros/humble/include/rclcpp/rclcpp/rclcpp.hpp:155[m[K,
[5.729s]                  from [01m[K/home/t-lemmel/Aquabot_Tom/src/move/src/waypoint_tracker.cpp:1[m[K:
[5.729s] [01m[K/usr/include/c++/11/bits/stl_algo.h:3674:5:[m[K [01;36m[Knote: [m[Kâ€˜[01m[Kstd::clamp[m[Kâ€™ declared here
[5.729s]  3674 |     [01;36m[Kclamp[m[K(const _Tp& __val, const _Tp& __lo, const _Tp& __hi, _Compare __comp)
[5.729s]       |     [01;36m[K^~~~~[m[K
[9.439s] gmake[2]: *** [CMakeFiles/waypoint_tracker.dir/build.make:76: CMakeFiles/waypoint_tracker.dir/src/waypoint_tracker.cpp.o] Error 1
[9.440s] gmake[1]: *** [CMakeFiles/Makefile2:165: CMakeFiles/waypoint_tracker.dir/all] Error 2
[9.440s] gmake: *** [Makefile:146: all] Error 2
[9.443s] Invoked command in '/home/t-lemmel/Aquabot_Tom/build/move' returned '2': CMAKE_PREFIX_PATH=${CMAKE_PREFIX_PATH}:/opt/ros/humble PS1_ori=\[\e]0;\u@\h: \w\a\]${debian_chroot:+($debian_chroot)}\[\033[01;32m\]\u@\h\[\033[00m\]:\[\033[01;34m\]\w\[\033[00m\]\$ /usr/bin/cmake --build /home/t-lemmel/Aquabot_Tom/build/move -- -j8 -l8
