[35m[1mConsolidate compiler generated dependencies of target waypoint_tracker[0m
[ 25%] [32mBuilding CXX object CMakeFiles/gps2pose.dir/src/gps2pose.cpp.o[0m
[ 50%] [32mBuilding CXX object CMakeFiles/waypoint_tracker.dir/src/waypoint_tracker.cpp.o[0m
[01m[K/home/t-lemmel/Aquabot_Tom/src/move/src/gps2pose.cpp:9:10:[m[K [01;31m[Kfatal error: [m[Kutm.h: No such file or directory
    9 | #include [01;31m[K<utm.h>[m[K
      |          [01;31m[K^~~~~~~[m[K
compilation terminated.
gmake[2]: *** [CMakeFiles/gps2pose.dir/build.make:76: CMakeFiles/gps2pose.dir/src/gps2pose.cpp.o] Error 1
gmake[1]: *** [CMakeFiles/Makefile2:139: CMakeFiles/gps2pose.dir/all] Error 2
gmake[1]: *** Waiting for unfinished jobs....
[01m[K/home/t-lemmel/Aquabot_Tom/src/move/src/waypoint_tracker.cpp:[m[K In constructor â€˜[01m[KTracker::Tracker()[m[Kâ€™:
[01m[K/home/t-lemmel/Aquabot_Tom/src/move/src/waypoint_tracker.cpp:18:38:[m[K [01;31m[Kerror: [m[Kexpected primary-expression before â€˜[01m[K:[m[Kâ€™ token
   18 |       : Node("tracker"), tf_listener([01;31m[K:[m[K tf_buffer(get_clock(), this->get_node_base_interface())), thruster_angle(0.0),
      |                                      [01;31m[K^[m[K
[01m[K/home/t-lemmel/Aquabot_Tom/src/move/src/waypoint_tracker.cpp:22:53:[m[K [01;31m[Kerror: [m[Kno matching function for call to â€˜[01m[Ktf2_ros::Buffer::Buffer()[m[Kâ€™
   22 |         orientation(geometry_msgs::msg::Quaternion()[01;31m[K)[m[K {
      |                                                     [01;31m[K^[m[K
In file included from [01m[K/home/t-lemmel/Aquabot_Tom/src/move/src/waypoint_tracker.cpp:7[m[K:
[01m[K/opt/ros/humble/include/tf2_ros/tf2_ros/buffer.h:73:18:[m[K [01;36m[Knote: [m[Kcandidate: â€˜[01m[Ktf2_ros::Buffer::Buffer(rclcpp::Clock::SharedPtr, tf2::Duration, rclcpp::Node::SharedPtr)[m[Kâ€™
   73 |   TF2_ROS_PUBLIC [01;36m[KBuffer[m[K(
      |                  [01;36m[K^~~~~~[m[K
[01m[K/opt/ros/humble/include/tf2_ros/tf2_ros/buffer.h:73:18:[m[K [01;36m[Knote: [m[K  candidate expects 3 arguments, 0 provided
[01m[K/home/t-lemmel/Aquabot_Tom/src/move/src/waypoint_tracker.cpp:53:33:[m[K [01;31m[Kerror: [m[Kno matching function for call to â€˜[01m[Kcreate_timer(std::chrono::milliseconds, Tracker::Tracker()::<lambda()>)[m[Kâ€™
   53 |     timer = [01;31m[Krclcpp::create_timer(std::chrono::milliseconds(10), [this]() { this->move(); })[m[K;
      |             [01;31m[K~~~~~~~~~~~~~~~~~~~~^~~~~~~~~~~~~~~~~~~~~~~~~~~~~~~~~~~~~~~~~~~~~~~~~~~~~~~~~~~[m[K
In file included from [01m[K/opt/ros/humble/include/rclcpp/rclcpp/create_subscription.hpp:33[m[K,
                 from [01m[K/opt/ros/humble/include/rclcpp/rclcpp/node_impl.hpp:43[m[K,
                 from [01m[K/opt/ros/humble/include/rclcpp/rclcpp/node.hpp:1321[m[K,
                 from [01m[K/opt/ros/humble/include/rclcpp/rclcpp/executors/single_threaded_executor.hpp:28[m[K,
                 from [01m[K/opt/ros/humble/include/rclcpp/rclcpp/executors.hpp:22[m[K,
                 from [01m[K/opt/ros/humble/include/rclcpp/rclcpp/rclcpp.hpp:155[m[K,
                 from [01m[K/home/t-lemmel/Aquabot_Tom/src/move/src/waypoint_tracker.cpp:1[m[K:
[01m[K/opt/ros/humble/include/rclcpp/rclcpp/create_timer.hpp:36:1:[m[K [01;36m[Knote: [m[Kcandidate: â€˜[01m[Ktemplate<class CallbackT> rclcpp::TimerBase::SharedPtr rclcpp::create_timer(std::shared_ptr<rclcpp::node_interfaces::NodeBaseInterface>, std::shared_ptr<rclcpp::node_interfaces::NodeTimersInterface>, rclcpp::Clock::SharedPtr, rclcpp::Duration, CallbackT&&, rclcpp::CallbackGroup::SharedPtr)[m[Kâ€™
   36 | [01;36m[Kcreate_timer[m[K(
      | [01;36m[K^~~~~~~~~~~~[m[K
[01m[K/opt/ros/humble/include/rclcpp/rclcpp/create_timer.hpp:36:1:[m[K [01;36m[Knote: [m[K  template argument deduction/substitution failed:
[01m[K/home/t-lemmel/Aquabot_Tom/src/move/src/waypoint_tracker.cpp:53:33:[m[K [01;36m[Knote: [m[K  candidate expects 6 arguments, 2 provided
   53 |     timer = [01;36m[Krclcpp::create_timer(std::chrono::milliseconds(10), [this]() { this->move(); })[m[K;
      |             [01;36m[K~~~~~~~~~~~~~~~~~~~~^~~~~~~~~~~~~~~~~~~~~~~~~~~~~~~~~~~~~~~~~~~~~~~~~~~~~~~~~~~[m[K
In file included from [01m[K/opt/ros/humble/include/rclcpp/rclcpp/create_subscription.hpp:33[m[K,
                 from [01m[K/opt/ros/humble/include/rclcpp/rclcpp/node_impl.hpp:43[m[K,
                 from [01m[K/opt/ros/humble/include/rclcpp/rclcpp/node.hpp:1321[m[K,
                 from [01m[K/opt/ros/humble/include/rclcpp/rclcpp/executors/single_threaded_executor.hpp:28[m[K,
                 from [01m[K/opt/ros/humble/include/rclcpp/rclcpp/executors.hpp:22[m[K,
                 from [01m[K/opt/ros/humble/include/rclcpp/rclcpp/rclcpp.hpp:155[m[K,
                 from [01m[K/home/t-lemmel/Aquabot_Tom/src/move/src/waypoint_tracker.cpp:1[m[K:
[01m[K/opt/ros/humble/include/rclcpp/rclcpp/create_timer.hpp:57:1:[m[K [01;36m[Knote: [m[Kcandidate: â€˜[01m[Ktemplate<class NodeT, class CallbackT> rclcpp::TimerBase::SharedPtr rclcpp::create_timer(NodeT, rclcpp::Clock::SharedPtr, rclcpp::Duration, CallbackT&&, rclcpp::CallbackGroup::SharedPtr)[m[Kâ€™
   57 | [01;36m[Kcreate_timer[m[K(
      | [01;36m[K^~~~~~~~~~~~[m[K
[01m[K/opt/ros/humble/include/rclcpp/rclcpp/create_timer.hpp:57:1:[m[K [01;36m[Knote: [m[K  template argument deduction/substitution failed:
[01m[K/home/t-lemmel/Aquabot_Tom/src/move/src/waypoint_tracker.cpp:53:33:[m[K [01;36m[Knote: [m[K  candidate expects 5 arguments, 2 provided
   53 |     timer = [01;36m[Krclcpp::create_timer(std::chrono::milliseconds(10), [this]() { this->move(); })[m[K;
      |             [01;36m[K~~~~~~~~~~~~~~~~~~~~^~~~~~~~~~~~~~~~~~~~~~~~~~~~~~~~~~~~~~~~~~~~~~~~~~~~~~~~~~~[m[K
[01m[K/home/t-lemmel/Aquabot_Tom/src/move/src/waypoint_tracker.cpp:[m[K In member function â€˜[01m[Kvoid Tracker::move()[m[Kâ€™:
[01m[K/home/t-lemmel/Aquabot_Tom/src/move/src/waypoint_tracker.cpp:67:39:[m[K [01;31m[Kerror: [m[Kâ€˜[01m[Kclass tf2_ros::Buffer[m[Kâ€™ has no member named â€˜[01m[Kget_now[m[Kâ€™
   67 |       tf2::TimePoint time = tf_buffer.[01;31m[Kget_now[m[K();
      |                                       [01;31m[K^~~~~~~[m[K
[01m[K/home/t-lemmel/Aquabot_Tom/src/move/src/waypoint_tracker.cpp:88:114:[m[K [01;31m[Kerror: [m[Kconversion from â€˜[01m[Kgeometry_msgs::msg::TransformStamped_<std::allocator<void> >::_transform_type[m[Kâ€™ {aka â€˜[01m[Kgeometry_msgs::msg::Transform_<std::allocator<void> >[m[Kâ€™} to non-scalar type â€˜[01m[Kgeometry_msgs::msg::TransformStamped[m[Kâ€™ {aka â€˜[01m[Kgeometry_msgs::msg::TransformStamped_<std::allocator<void> >[m[Kâ€™} requested
   88 |         geometry_msgs::msg::TransformStamped err_world_target = [01;31m[Ktf_buffer.lookupTransform("world", target, time).transform[m[K;
      |                                                                 [01;31m[K~~~~~~~~~~~~~~~~~~~~~~~~~~~~~~~~~~~~~~~~~~~~~~~~~^~~~~~~~~[m[K
[01m[K/home/t-lemmel/Aquabot_Tom/src/move/src/waypoint_tracker.cpp:90:108:[m[K [01;31m[Kerror: [m[Kconversion from â€˜[01m[Kgeometry_msgs::msg::TransformStamped_<std::allocator<void> >::_transform_type[m[Kâ€™ {aka â€˜[01m[Kgeometry_msgs::msg::Transform_<std::allocator<void> >[m[Kâ€™} to non-scalar type â€˜[01m[Kgeometry_msgs::msg::TransformStamped[m[Kâ€™ {aka â€˜[01m[Kgeometry_msgs::msg::TransformStamped_<std::allocator<void> >[m[Kâ€™} requested
   90 |         geometry_msgs::msg::TransformStamped err_world_boat = [01;31m[Ktf_buffer.lookupTransform("world", me, time).transform[m[K;
      |                                                               [01;31m[K~~~~~~~~~~~~~~~~~~~~~~~~~~~~~~~~~~~~~~~~~~~~~^~~~~~~~~[m[K
gmake[2]: *** [CMakeFiles/waypoint_tracker.dir/build.make:76: CMakeFiles/waypoint_tracker.dir/src/waypoint_tracker.cpp.o] Error 1
gmake[1]: *** [CMakeFiles/Makefile2:165: CMakeFiles/waypoint_tracker.dir/all] Error 2
gmake: *** [Makefile:146: all] Error 2
