[35m[1mConsolidate compiler generated dependencies of target waypoint_tracker[0m
[ 25%] [32mBuilding CXX object CMakeFiles/gps2pose.dir/src/gps2pose.cpp.o[0m
[ 50%] [32mBuilding CXX object CMakeFiles/waypoint_tracker.dir/src/waypoint_tracker.cpp.o[0m
[01m[K/home/t-lemmel/Aquabot_Tom/src/move/src/gps2pose.cpp:9:10:[m[K [01;31m[Kfatal error: [m[Kutm.h: No such file or directory
    9 | #include [01;31m[K<utm.h>[m[K
      |          [01;31m[K^~~~~~~[m[K
compilation terminated.
gmake[2]: *** [CMakeFiles/gps2pose.dir/build.make:76: CMakeFiles/gps2pose.dir/src/gps2pose.cpp.o] Error 1
gmake[1]: *** [CMakeFiles/Makefile2:139: CMakeFiles/gps2pose.dir/all] Error 2
gmake[1]: *** Waiting for unfinished jobs....
[01m[K/home/t-lemmel/Aquabot_Tom/src/move/src/waypoint_tracker.cpp:[m[K In constructor â€˜[01m[KTracker::Tracker()[m[Kâ€™:
[01m[K/home/t-lemmel/Aquabot_Tom/src/move/src/waypoint_tracker.cpp:19:30:[m[K [01;31m[Kerror: [m[Kno match for call to â€˜[01m[K(tf2_ros::Buffer) (rclcpp::Clock::SharedPtr, rclcpp::node_interfaces::NodeBaseInterface::SharedPtr)[m[Kâ€™
   19 |         tf_listener([01;31m[Ktf_buffer(get_clock(), this->get_node_base_interface())[m[K),
      |                     [01;31m[K~~~~~~~~~^~~~~~~~~~~~~~~~~~~~~~~~~~~~~~~~~~~~~~~~~~~~~~[m[K
[01m[K/home/t-lemmel/Aquabot_Tom/src/move/src/waypoint_tracker.cpp:29:53:[m[K [01;31m[Kerror: [m[Kno matching function for call to â€˜[01m[Ktf2_ros::Buffer::Buffer()[m[Kâ€™
   29 |         orientation(geometry_msgs::msg::Quaternion()[01;31m[K)[m[K {
      |                                                     [01;31m[K^[m[K
In file included from [01m[K/home/t-lemmel/Aquabot_Tom/src/move/src/waypoint_tracker.cpp:7[m[K:
[01m[K/opt/ros/humble/include/tf2_ros/tf2_ros/buffer.h:73:18:[m[K [01;36m[Knote: [m[Kcandidate: â€˜[01m[Ktf2_ros::Buffer::Buffer(rclcpp::Clock::SharedPtr, tf2::Duration, rclcpp::Node::SharedPtr)[m[Kâ€™
   73 |   TF2_ROS_PUBLIC [01;36m[KBuffer[m[K(
      |                  [01;36m[K^~~~~~[m[K
[01m[K/opt/ros/humble/include/tf2_ros/tf2_ros/buffer.h:73:18:[m[K [01;36m[Knote: [m[K  candidate expects 3 arguments, 0 provided
[01m[K/home/t-lemmel/Aquabot_Tom/src/move/src/waypoint_tracker.cpp:60:33:[m[K [01;31m[Kerror: [m[Kno matching function for call to â€˜[01m[Kcreate_timer(std::chrono::milliseconds, Tracker::Tracker()::<lambda()>)[m[Kâ€™
   60 |     timer = [01;31m[Krclcpp::create_timer(std::chrono::milliseconds(10), [this]() { this->move(); })[m[K;
      |             [01;31m[K~~~~~~~~~~~~~~~~~~~~^~~~~~~~~~~~~~~~~~~~~~~~~~~~~~~~~~~~~~~~~~~~~~~~~~~~~~~~~~~[m[K
In file included from [01m[K/opt/ros/humble/include/rclcpp/rclcpp/create_subscription.hpp:33[m[K,
                 from [01m[K/opt/ros/humble/include/rclcpp/rclcpp/node_impl.hpp:43[m[K,
                 from [01m[K/opt/ros/humble/include/rclcpp/rclcpp/node.hpp:1321[m[K,
                 from [01m[K/opt/ros/humble/include/rclcpp/rclcpp/executors/single_threaded_executor.hpp:28[m[K,
                 from [01m[K/opt/ros/humble/include/rclcpp/rclcpp/executors.hpp:22[m[K,
                 from [01m[K/opt/ros/humble/include/rclcpp/rclcpp/rclcpp.hpp:155[m[K,
                 from [01m[K/home/t-lemmel/Aquabot_Tom/src/move/src/waypoint_tracker.cpp:1[m[K:
[01m[K/opt/ros/humble/include/rclcpp/rclcpp/create_timer.hpp:36:1:[m[K [01;36m[Knote: [m[Kcandidate: â€˜[01m[Ktemplate<class CallbackT> rclcpp::TimerBase::SharedPtr rclcpp::create_timer(std::shared_ptr<rclcpp::node_interfaces::NodeBaseInterface>, std::shared_ptr<rclcpp::node_interfaces::NodeTimersInterface>, rclcpp::Clock::SharedPtr, rclcpp::Duration, CallbackT&&, rclcpp::CallbackGroup::SharedPtr)[m[Kâ€™
   36 | [01;36m[Kcreate_timer[m[K(
      | [01;36m[K^~~~~~~~~~~~[m[K
[01m[K/opt/ros/humble/include/rclcpp/rclcpp/create_timer.hpp:36:1:[m[K [01;36m[Knote: [m[K  template argument deduction/substitution failed:
[01m[K/home/t-lemmel/Aquabot_Tom/src/move/src/waypoint_tracker.cpp:60:33:[m[K [01;36m[Knote: [m[K  candidate expects 6 arguments, 2 provided
   60 |     timer = [01;36m[Krclcpp::create_timer(std::chrono::milliseconds(10), [this]() { this->move(); })[m[K;
      |             [01;36m[K~~~~~~~~~~~~~~~~~~~~^~~~~~~~~~~~~~~~~~~~~~~~~~~~~~~~~~~~~~~~~~~~~~~~~~~~~~~~~~~[m[K
In file included from [01m[K/opt/ros/humble/include/rclcpp/rclcpp/create_subscription.hpp:33[m[K,
                 from [01m[K/opt/ros/humble/include/rclcpp/rclcpp/node_impl.hpp:43[m[K,
                 from [01m[K/opt/ros/humble/include/rclcpp/rclcpp/node.hpp:1321[m[K,
                 from [01m[K/opt/ros/humble/include/rclcpp/rclcpp/executors/single_threaded_executor.hpp:28[m[K,
                 from [01m[K/opt/ros/humble/include/rclcpp/rclcpp/executors.hpp:22[m[K,
                 from [01m[K/opt/ros/humble/include/rclcpp/rclcpp/rclcpp.hpp:155[m[K,
                 from [01m[K/home/t-lemmel/Aquabot_Tom/src/move/src/waypoint_tracker.cpp:1[m[K:
[01m[K/opt/ros/humble/include/rclcpp/rclcpp/create_timer.hpp:57:1:[m[K [01;36m[Knote: [m[Kcandidate: â€˜[01m[Ktemplate<class NodeT, class CallbackT> rclcpp::TimerBase::SharedPtr rclcpp::create_timer(NodeT, rclcpp::Clock::SharedPtr, rclcpp::Duration, CallbackT&&, rclcpp::CallbackGroup::SharedPtr)[m[Kâ€™
   57 | [01;36m[Kcreate_timer[m[K(
      | [01;36m[K^~~~~~~~~~~~[m[K
[01m[K/opt/ros/humble/include/rclcpp/rclcpp/create_timer.hpp:57:1:[m[K [01;36m[Knote: [m[K  template argument deduction/substitution failed:
[01m[K/home/t-lemmel/Aquabot_Tom/src/move/src/waypoint_tracker.cpp:60:33:[m[K [01;36m[Knote: [m[K  candidate expects 5 arguments, 2 provided
   60 |     timer = [01;36m[Krclcpp::create_timer(std::chrono::milliseconds(10), [this]() { this->move(); })[m[K;
      |             [01;36m[K~~~~~~~~~~~~~~~~~~~~^~~~~~~~~~~~~~~~~~~~~~~~~~~~~~~~~~~~~~~~~~~~~~~~~~~~~~~~~~~[m[K
[01m[K/home/t-lemmel/Aquabot_Tom/src/move/src/waypoint_tracker.cpp:[m[K In member function â€˜[01m[Kvoid Tracker::move()[m[Kâ€™:
[01m[K/home/t-lemmel/Aquabot_Tom/src/move/src/waypoint_tracker.cpp:74:39:[m[K [01;31m[Kerror: [m[Kâ€˜[01m[Kclass tf2_ros::Buffer[m[Kâ€™ has no member named â€˜[01m[Kget_now[m[Kâ€™
   74 |       tf2::TimePoint time = tf_buffer.[01;31m[Kget_now[m[K();
      |                                       [01;31m[K^~~~~~~[m[K
[01m[K/home/t-lemmel/Aquabot_Tom/src/move/src/waypoint_tracker.cpp:80:65:[m[K [01;31m[Kerror: [m[Kâ€˜[01m[Kclass tf2_ros::TransformListener[m[Kâ€™ has no member named â€˜[01m[KlookupTransform[m[Kâ€™
   80 |         geometry_msgs::msg::TransformStamped pose = tf_listener.[01;31m[KlookupTransform[m[K("world", me, time);
      |                                                                 [01;31m[K^~~~~~~~~~~~~~~[m[K
[01m[K/home/t-lemmel/Aquabot_Tom/src/move/src/waypoint_tracker.cpp:95:77:[m[K [01;31m[Kerror: [m[Kâ€˜[01m[Kclass tf2_ros::TransformListener[m[Kâ€™ has no member named â€˜[01m[KlookupTransform[m[Kâ€™
   95 |         geometry_msgs::msg::TransformStamped err_world_target = tf_listener.[01;31m[KlookupTransform[m[K("world", target, time).transform;
      |                                                                             [01;31m[K^~~~~~~~~~~~~~~[m[K
[01m[K/home/t-lemmel/Aquabot_Tom/src/move/src/waypoint_tracker.cpp:97:63:[m[K [01;31m[Kerror: [m[Kâ€˜[01m[Ktf_listner[m[Kâ€™ was not declared in this scope; did you mean â€˜[01m[Ktf_listener[m[Kâ€™?
   97 |         geometry_msgs::msg::TransformStamped err_world_boat = [01;31m[Ktf_listner[m[K.lookupTransform("world", me, time).transform;
      |                                                               [01;31m[K^~~~~~~~~~[m[K
      |                                                               [32m[Ktf_listener[m[K
In file included from [01m[K/usr/include/x86_64-linux-gnu/c++/11/bits/c++allocator.h:33[m[K,
                 from [01m[K/usr/include/c++/11/bits/allocator.h:46[m[K,
                 from [01m[K/usr/include/c++/11/memory:64[m[K,
                 from [01m[K/opt/ros/humble/include/rclcpp/rclcpp/rclcpp.hpp:153[m[K,
                 from [01m[K/home/t-lemmel/Aquabot_Tom/src/move/src/waypoint_tracker.cpp:1[m[K:
/usr/include/c++/11/ext/new_allocator.h: In instantiation of â€˜[01m[Kvoid __gnu_cxx::new_allocator<_Tp>::construct(_Up*, _Args&& ...) [with _Up = Tracker; _Args = {}; _Tp = Tracker][m[Kâ€™:
[01m[K/usr/include/c++/11/bits/alloc_traits.h:516:17:[m[K   required from â€˜[01m[Kstatic void std::allocator_traits<std::allocator<_Tp1> >::construct(std::allocator_traits<std::allocator<_Tp1> >::allocator_type&, _Up*, _Args&& ...) [with _Up = Tracker; _Args = {}; _Tp = Tracker; std::allocator_traits<std::allocator<_Tp1> >::allocator_type = std::allocator<Tracker>][m[Kâ€™
[01m[K/usr/include/c++/11/bits/shared_ptr_base.h:519:39:[m[K   required from â€˜[01m[Kstd::_Sp_counted_ptr_inplace<_Tp, _Alloc, _Lp>::_Sp_counted_ptr_inplace(_Alloc, _Args&& ...) [with _Args = {}; _Tp = Tracker; _Alloc = std::allocator<Tracker>; __gnu_cxx::_Lock_policy _Lp = __gnu_cxx::_S_atomic][m[Kâ€™
[01m[K/usr/include/c++/11/bits/shared_ptr_base.h:650:16:[m[K   required from â€˜[01m[Kstd::__shared_count<_Lp>::__shared_count(_Tp*&, std::_Sp_alloc_shared_tag<_Alloc>, _Args&& ...) [with _Tp = Tracker; _Alloc = std::allocator<Tracker>; _Args = {}; __gnu_cxx::_Lock_policy _Lp = __gnu_cxx::_S_atomic][m[Kâ€™
[01m[K/usr/include/c++/11/bits/shared_ptr_base.h:1342:14:[m[K   required from â€˜[01m[Kstd::__shared_ptr<_Tp, _Lp>::__shared_ptr(std::_Sp_alloc_shared_tag<_Tp>, _Args&& ...) [with _Alloc = std::allocator<Tracker>; _Args = {}; _Tp = Tracker; __gnu_cxx::_Lock_policy _Lp = __gnu_cxx::_S_atomic][m[Kâ€™
[01m[K/usr/include/c++/11/bits/shared_ptr.h:409:59:[m[K   required from â€˜[01m[Kstd::shared_ptr<_Tp>::shared_ptr(std::_Sp_alloc_shared_tag<_Tp>, _Args&& ...) [with _Alloc = std::allocator<Tracker>; _Args = {}; _Tp = Tracker][m[Kâ€™
[01m[K/usr/include/c++/11/bits/shared_ptr.h:862:14:[m[K   required from â€˜[01m[Kstd::shared_ptr<_Tp> std::allocate_shared(const _Alloc&, _Args&& ...) [with _Tp = Tracker; _Alloc = std::allocator<Tracker>; _Args = {}][m[Kâ€™
[01m[K/usr/include/c++/11/bits/shared_ptr.h:878:39:[m[K   required from â€˜[01m[Kstd::shared_ptr<_Tp> std::make_shared(_Args&& ...) [with _Tp = Tracker; _Args = {}][m[Kâ€™
[01m[K/home/t-lemmel/Aquabot_Tom/src/move/src/waypoint_tracker.cpp:185:41:[m[K   required from here
[01m[K/usr/include/c++/11/ext/new_allocator.h:162:11:[m[K [01;31m[Kerror: [m[Kâ€˜[01m[KTracker::Tracker()[m[Kâ€™ is private within this context
  162 |         { [01;31m[K::new((void *)__p) _Up(std::forward<_Args>(__args)...)[m[K; }
      |           [01;31m[K^~~~~~~~~~~~~~~~~~~~~~~~~~~~~~~~~~~~~~~~~~~~~~~~~~~~~~[m[K
[01m[K/home/t-lemmel/Aquabot_Tom/src/move/src/waypoint_tracker.cpp:15:1:[m[K [01;36m[Knote: [m[Kdeclared private here
   15 | [01;36m[KTracker[m[K()
      | [01;36m[K^~~~~~~[m[K
gmake[2]: *** [CMakeFiles/waypoint_tracker.dir/build.make:76: CMakeFiles/waypoint_tracker.dir/src/waypoint_tracker.cpp.o] Error 1
gmake[1]: *** [CMakeFiles/Makefile2:165: CMakeFiles/waypoint_tracker.dir/all] Error 2
gmake: *** [Makefile:146: all] Error 2
