[0.139s] Invoking command in '/home/t-lemmel/Aquabot_Tom/build/mapping': AMENT_PREFIX_PATH=/home/t-lemmel/Aquabot_Tom/install/my_robot_interfaces:${AMENT_PREFIX_PATH} CMAKE_PREFIX_PATH=/home/t-lemmel/Aquabot_Tom/install/my_robot_interfaces:/home/t-lemmel/Integ/install/integ_my_robot_interfaces:/home/t-lemmel/Integ/install/integ_description:/home/t-lemmel/Aquabot_Tom/install/test_float:/home/t-lemmel/Aquabot_Tom/install/package_thruster_activation:/home/t-lemmel/Aquabot_Tom/install/mapping:/home/t-lemmel/Aquabot_Tom/install/move_ekf:/home/t-lemmel/Aquabot_Tom/install/astar_path_planner:/home/t-lemmel/Aquabot_Tom/install/aquabot_ekf:/home/t-lemmel/Aquabot_Tom/install/aquabot_common:/home/t-lemmel/vrx_ws/install:/opt/ros/humble LD_LIBRARY_PATH=/home/t-lemmel/Aquabot_Tom/install/my_robot_interfaces/lib:/home/t-lemmel/Integ/install/integ_my_robot_interfaces/lib:/home/t-lemmel/vrx_ws/install/lib:/opt/ros/humble/opt/rviz_ogre_vendor/lib:/opt/ros/humble/lib/x86_64-linux-gnu:/opt/ros/humble/lib:/opt/ros/noetic/lib PS1_ori=\[\e]0;\u@\h: \w\a\]${debian_chroot:+($debian_chroot)}\[\033[01;32m\]\u@\h\[\033[00m\]:\[\033[01;34m\]\w\[\033[00m\]\$ /usr/bin/cmake --build /home/t-lemmel/Aquabot_Tom/build/mapping -- -j8 -l8
[0.196s] [35m[1mConsolidate compiler generated dependencies of target DetectAndPublishCentroids[0m
[0.208s] [ 50%] Built target FillMap
[0.236s] [ 75%] [32mBuilding CXX object CMakeFiles/DetectAndPublishCentroids.dir/src/DetectAndPublishCentroids.cpp.o[0m
[5.824s] [01m[K/home/t-lemmel/Aquabot_Tom/src/Hippobot_Survivors/mapping/src/DetectAndPublishCentroids.cpp:[m[K In member function â€˜[01m[Kvoid PointCloudProcessor::calculateCentroidsAndPublish(const std::vector<std::shared_ptr<pcl::PointCloud<pcl::PointXYZ> > >&)[m[Kâ€™:
[5.824s] [01m[K/home/t-lemmel/Aquabot_Tom/src/Hippobot_Survivors/mapping/src/DetectAndPublishCentroids.cpp:104:18:[m[K [01;31m[Kerror: [m[Kâ€˜[01m[KMatrix3x3[m[Kâ€™ is not a member of â€˜[01m[Ktf2[m[Kâ€™
[5.824s]   104 |             tf2::[01;31m[KMatrix3x3[m[K m(boat_orientation);
[5.824s]       |                  [01;31m[K^~~~~~~~~[m[K
[5.830s] [01m[K/home/t-lemmel/Aquabot_Tom/src/Hippobot_Survivors/mapping/src/DetectAndPublishCentroids.cpp:106:13:[m[K [01;31m[Kerror: [m[Kâ€˜[01m[Km[m[Kâ€™ was not declared in this scope; did you mean â€˜[01m[Ktm[m[Kâ€™?
[5.831s]   106 |             [01;31m[Km[m[K.getRPY(roll, pitch, yaw);
[5.831s]       |             [01;31m[K^[m[K
[5.831s]       |             [32m[Ktm[m[K
[9.476s] gmake[2]: *** [CMakeFiles/DetectAndPublishCentroids.dir/build.make:76: CMakeFiles/DetectAndPublishCentroids.dir/src/DetectAndPublishCentroids.cpp.o] Error 1
[9.476s] gmake[1]: *** [CMakeFiles/Makefile2:139: CMakeFiles/DetectAndPublishCentroids.dir/all] Error 2
[9.476s] gmake: *** [Makefile:146: all] Error 2
[9.479s] Invoked command in '/home/t-lemmel/Aquabot_Tom/build/mapping' returned '2': AMENT_PREFIX_PATH=/home/t-lemmel/Aquabot_Tom/install/my_robot_interfaces:${AMENT_PREFIX_PATH} CMAKE_PREFIX_PATH=/home/t-lemmel/Aquabot_Tom/install/my_robot_interfaces:/home/t-lemmel/Integ/install/integ_my_robot_interfaces:/home/t-lemmel/Integ/install/integ_description:/home/t-lemmel/Aquabot_Tom/install/test_float:/home/t-lemmel/Aquabot_Tom/install/package_thruster_activation:/home/t-lemmel/Aquabot_Tom/install/mapping:/home/t-lemmel/Aquabot_Tom/install/move_ekf:/home/t-lemmel/Aquabot_Tom/install/astar_path_planner:/home/t-lemmel/Aquabot_Tom/install/aquabot_ekf:/home/t-lemmel/Aquabot_Tom/install/aquabot_common:/home/t-lemmel/vrx_ws/install:/opt/ros/humble LD_LIBRARY_PATH=/home/t-lemmel/Aquabot_Tom/install/my_robot_interfaces/lib:/home/t-lemmel/Integ/install/integ_my_robot_interfaces/lib:/home/t-lemmel/vrx_ws/install/lib:/opt/ros/humble/opt/rviz_ogre_vendor/lib:/opt/ros/humble/lib/x86_64-linux-gnu:/opt/ros/humble/lib:/opt/ros/noetic/lib PS1_ori=\[\e]0;\u@\h: \w\a\]${debian_chroot:+($debian_chroot)}\[\033[01;32m\]\u@\h\[\033[00m\]:\[\033[01;34m\]\w\[\033[00m\]\$ /usr/bin/cmake --build /home/t-lemmel/Aquabot_Tom/build/mapping -- -j8 -l8
