<?xml version="1.0" encoding="UTF-8"?>
<Site BuildName="(empty)"
	BuildStamp="20240214-1411-Experimental"
	Name="tlemmel-Predator-PH317-51"
	Generator="ctest-3.22.1"
	CompilerName="/usr/bin/c++"
	CompilerVersion="11.4.0"
	OSName="Linux"
	Hostname="tlemmel-Predator-PH317-51"
	OSRelease="6.5.0-17-generic"
	OSVersion="#17~22.04.1-Ubuntu SMP PREEMPT_DYNAMIC Tue Jan 16 14:32:32 UTC 2"
	OSPlatform="x86_64"
	Is64Bits="1"
	VendorString="GenuineIntel"
	VendorID="Intel Corporation"
	FamilyID="6"
	ModelID="158"
	ProcessorCacheSize="6144"
	NumberOfLogicalCPU="8"
	NumberOfPhysicalCPU="4"
	TotalVirtualMemory="2047"
	TotalPhysicalMemory="15866"
	LogicalProcessorsPerPhysical="2"
	ProcessorClockFrequency="3399.99"
	>
	<Testing>
		<StartDateTime>Feb 14 15:11 CET</StartDateTime>
		<StartTestTime>1707919881</StartTestTime>
		<TestList/>
		<EndDateTime>Feb 14 15:11 CET</EndDateTime>
		<EndTestTime>1707919881</EndTestTime>
		<ElapsedMinutes>0</ElapsedMinutes>
	</Testing>
</Site>
