-- Found ament_cmake_auto: 1.3.5 (/opt/ros/humble/share/ament_cmake_auto/cmake)
-- Override CMake install command with custom implementation using symlinks instead of copying resources
-- Found rosidl_generator_c: 3.1.5 (/opt/ros/humble/share/rosidl_generator_c/cmake)
-- Found rosidl_adapter: 3.1.5 (/opt/ros/humble/share/rosidl_adapter/cmake)
-- Found rosidl_generator_cpp: 3.1.5 (/opt/ros/humble/share/rosidl_generator_cpp/cmake)
-- Using all available rosidl_typesupport_c: rosidl_typesupport_fastrtps_c;rosidl_typesupport_introspection_c
-- Using all available rosidl_typesupport_cpp: rosidl_typesupport_fastrtps_cpp;rosidl_typesupport_introspection_cpp
-- Found rmw_implementation_cmake: 6.1.1 (/opt/ros/humble/share/rmw_implementation_cmake/cmake)
-- Found rmw_fastrtps_cpp: 6.2.4 (/opt/ros/humble/share/rmw_fastrtps_cpp/cmake)
-- Using RMW implementation 'rmw_fastrtps_cpp' as default
-- Configuring done
-- Generating done
-- Build files have been written to: /home/t-lemmel/Aquabot_Tom/build/move
[ 50%] [32mBuilding CXX object CMakeFiles/gps2pose.dir/src/gps2pose.cpp.o[0m
[ 50%] [32mBuilding CXX object CMakeFiles/waypoint_tracker.dir/src/waypoint_tracker.cpp.o[0m
[01m[K/home/t-lemmel/Aquabot_Tom/src/move/src/waypoint_tracker.cpp:6:10:[m[K [01;31m[Kfatal error: [m[Ktf2_ros/transform_listener.h: No such file or directory
    6 | #include [01;31m[K<tf2_ros/transform_listener.h>[m[K
      |          [01;31m[K^~~~~~~~~~~~~~~~~~~~~~~~~~~~~~[m[K
compilation terminated.
gmake[2]: *** [CMakeFiles/waypoint_tracker.dir/build.make:76: CMakeFiles/waypoint_tracker.dir/src/waypoint_tracker.cpp.o] Error 1
gmake[1]: *** [CMakeFiles/Makefile2:165: CMakeFiles/waypoint_tracker.dir/all] Error 2
gmake[1]: *** Waiting for unfinished jobs....
[01m[K/home/t-lemmel/Aquabot_Tom/src/move/src/gps2pose.cpp:7:10:[m[K [01;31m[Kfatal error: [m[Ktf2_ros/transform_broadcaster.h: No such file or directory
    7 | #include [01;31m[K<tf2_ros/transform_broadcaster.h>[m[K
      |          [01;31m[K^~~~~~~~~~~~~~~~~~~~~~~~~~~~~~~~~[m[K
compilation terminated.
gmake[2]: *** [CMakeFiles/gps2pose.dir/build.make:76: CMakeFiles/gps2pose.dir/src/gps2pose.cpp.o] Error 1
gmake[1]: *** [CMakeFiles/Makefile2:139: CMakeFiles/gps2pose.dir/all] Error 2
gmake: *** [Makefile:146: all] Error 2
