[0.342s] Invoking command in '/home/t-lemmel/Aquabot_Tom/build/move': CMAKE_PREFIX_PATH=${CMAKE_PREFIX_PATH}:/opt/ros/humble PS1_ori=\[\e]0;\u@\h: \w\a\]${debian_chroot:+($debian_chroot)}\[\033[01;32m\]\u@\h\[\033[00m\]:\[\033[01;34m\]\w\[\033[00m\]\$ /usr/bin/cmake --build /home/t-lemmel/Aquabot_Tom/build/move -- -j8 -l8
[0.425s] [35m[1mConsolidate compiler generated dependencies of target waypoint_tracker[0m
[0.443s] [ 25%] [32mBuilding CXX object CMakeFiles/gps2pose.dir/src/gps2pose.cpp.o[0m
[0.473s] [ 50%] [32mBuilding CXX object CMakeFiles/waypoint_tracker.dir/src/waypoint_tracker.cpp.o[0m
[0.887s] [01m[K/home/t-lemmel/Aquabot_Tom/src/move/src/gps2pose.cpp:8:10:[m[K [01;31m[Kfatal error: [m[Kros_gz_interfaces/msg/param_vec.hpp: No such file or directory
[0.887s]     8 | #include [01;31m[K<ros_gz_interfaces/msg/param_vec.hpp>[m[K
[0.887s]       |          [01;31m[K^~~~~~~~~~~~~~~~~~~~~~~~~~~~~~~~~~~~~[m[K
[0.887s] compilation terminated.
[0.891s] gmake[2]: *** [CMakeFiles/gps2pose.dir/build.make:76: CMakeFiles/gps2pose.dir/src/gps2pose.cpp.o] Error 1
[0.891s] gmake[1]: *** [CMakeFiles/Makefile2:139: CMakeFiles/gps2pose.dir/all] Error 2
[0.891s] gmake[1]: *** Waiting for unfinished jobs....
[3.685s] [01m[K/home/t-lemmel/Aquabot_Tom/src/move/src/waypoint_tracker.cpp:[m[K In constructor â€˜[01m[KTracker::Tracker()[m[Kâ€™:
[3.685s] [01m[K/home/t-lemmel/Aquabot_Tom/src/move/src/waypoint_tracker.cpp:22:9:[m[K [01;31m[Kerror: [m[Kno matching function for call to â€˜[01m[Kgeometry_msgs::msg::Quaternion_<std::allocator<void> >::Quaternion_(double)[m[Kâ€™
[3.685s]    22 |         [01;31m[Korientation(0.0)[m[K {
[3.685s]       |         [01;31m[K^~~~~~~~~~~~~~~~[m[K
[3.686s] In file included from [01m[K/opt/ros/humble/include/sensor_msgs/sensor_msgs/msg/detail/imu__struct.hpp:22[m[K,
[3.686s]                  from [01m[K/opt/ros/humble/include/sensor_msgs/sensor_msgs/msg/imu.hpp:7[m[K,
[3.686s]                  from [01m[K/home/t-lemmel/Aquabot_Tom/src/move/src/waypoint_tracker.cpp:4[m[K:
[3.686s] [01m[K/opt/ros/humble/include/geometry_msgs/geometry_msgs/msg/detail/quaternion__struct.hpp:53:12:[m[K [01;36m[Knote: [m[Kcandidate: â€˜[01m[Kgeometry_msgs::msg::Quaternion_<ContainerAllocator>::Quaternion_(const ContainerAllocator&, rosidl_runtime_cpp::MessageInitialization) [with ContainerAllocator = std::allocator<void>][m[Kâ€™
[3.686s]    53 |   explicit [01;36m[KQuaternion_[m[K(const ContainerAllocator & _alloc, rosidl_runtime_cpp::MessageInitialization _init = rosidl_runtime_cpp::MessageInitialization::ALL)
[3.686s]       |            [01;36m[K^~~~~~~~~~~[m[K
[3.686s] [01m[K/opt/ros/humble/include/geometry_msgs/geometry_msgs/msg/detail/quaternion__struct.hpp:53:51:[m[K [01;36m[Knote: [m[K  no known conversion for argument 1 from â€˜[01m[Kdouble[m[Kâ€™ to â€˜[01m[Kconst std::allocator<void>&[m[Kâ€™
[3.687s]    53 |   explicit Quaternion_([01;36m[Kconst ContainerAllocator & _alloc[m[K, rosidl_runtime_cpp::MessageInitialization _init = rosidl_runtime_cpp::MessageInitialization::ALL)
[3.687s]       |                        [01;36m[K~~~~~~~~~~~~~~~~~~~~~~~~~~~^~~~~~[m[K
[3.687s] [01m[K/opt/ros/humble/include/geometry_msgs/geometry_msgs/msg/detail/quaternion__struct.hpp:36:12:[m[K [01;36m[Knote: [m[Kcandidate: â€˜[01m[Kgeometry_msgs::msg::Quaternion_<ContainerAllocator>::Quaternion_(rosidl_runtime_cpp::MessageInitialization) [with ContainerAllocator = std::allocator<void>][m[Kâ€™
[3.687s]    36 |   explicit [01;36m[KQuaternion_[m[K(rosidl_runtime_cpp::MessageInitialization _init = rosidl_runtime_cpp::MessageInitialization::ALL)
[3.687s]       |            [01;36m[K^~~~~~~~~~~[m[K
[3.687s] [01m[K/opt/ros/humble/include/geometry_msgs/geometry_msgs/msg/detail/quaternion__struct.hpp:36:66:[m[K [01;36m[Knote: [m[K  no known conversion for argument 1 from â€˜[01m[Kdouble[m[Kâ€™ to â€˜[01m[Krosidl_runtime_cpp::MessageInitialization[m[Kâ€™
[3.687s]    36 |   explicit Quaternion_([01;36m[Krosidl_runtime_cpp::MessageInitialization _init = rosidl_runtime_cpp::MessageInitialization::ALL[m[K)
[3.688s]       |                        [01;36m[K~~~~~~~~~~~~~~~~~~~~~~~~~~~~~~~~~~~~~~~~~~^~~~~~~~~~~~~~~~~~~~~~~~~~~~~~~~~~~~~~~~~~~~~~~~~~~~~~[m[K
[3.688s] [01m[K/opt/ros/humble/include/geometry_msgs/geometry_msgs/msg/detail/quaternion__struct.hpp:32:8:[m[K [01;36m[Knote: [m[Kcandidate: â€˜[01m[Kconstexpr geometry_msgs::msg::Quaternion_<std::allocator<void> >::Quaternion_(const geometry_msgs::msg::Quaternion_<std::allocator<void> >&)[m[Kâ€™
[3.688s]    32 | struct [01;36m[KQuaternion_[m[K
[3.688s]       |        [01;36m[K^~~~~~~~~~~[m[K
[3.688s] [01m[K/opt/ros/humble/include/geometry_msgs/geometry_msgs/msg/detail/quaternion__struct.hpp:32:8:[m[K [01;36m[Knote: [m[K  no known conversion for argument 1 from â€˜[01m[Kdouble[m[Kâ€™ to â€˜[01m[Kconst geometry_msgs::msg::Quaternion_<std::allocator<void> >&[m[Kâ€™
[3.688s] [01m[K/opt/ros/humble/include/geometry_msgs/geometry_msgs/msg/detail/quaternion__struct.hpp:32:8:[m[K [01;36m[Knote: [m[Kcandidate: â€˜[01m[Kconstexpr geometry_msgs::msg::Quaternion_<std::allocator<void> >::Quaternion_(geometry_msgs::msg::Quaternion_<std::allocator<void> >&&)[m[Kâ€™
[3.689s] [01m[K/opt/ros/humble/include/geometry_msgs/geometry_msgs/msg/detail/quaternion__struct.hpp:32:8:[m[K [01;36m[Knote: [m[K  no known conversion for argument 1 from â€˜[01m[Kdouble[m[Kâ€™ to â€˜[01m[Kgeometry_msgs::msg::Quaternion_<std::allocator<void> >&&[m[Kâ€™
[3.689s] [01m[K/home/t-lemmel/Aquabot_Tom/src/move/src/waypoint_tracker.cpp:22:24:[m[K [01;31m[Kerror: [m[Kno matching function for call to â€˜[01m[Ktf2_ros::Buffer::Buffer()[m[Kâ€™
[3.689s]    22 |         orientation(0.0[01;31m[K)[m[K {
[3.689s]       |                        [01;31m[K^[m[K
[3.689s] In file included from [01m[K/home/t-lemmel/Aquabot_Tom/src/move/src/waypoint_tracker.cpp:7[m[K:
[3.689s] [01m[K/opt/ros/humble/include/tf2_ros/tf2_ros/buffer.h:73:18:[m[K [01;36m[Knote: [m[Kcandidate: â€˜[01m[Ktf2_ros::Buffer::Buffer(rclcpp::Clock::SharedPtr, tf2::Duration, rclcpp::Node::SharedPtr)[m[Kâ€™
[3.689s]    73 |   TF2_ROS_PUBLIC [01;36m[KBuffer[m[K(
[3.689s]       |                  [01;36m[K^~~~~~[m[K
[3.690s] [01m[K/opt/ros/humble/include/tf2_ros/tf2_ros/buffer.h:73:18:[m[K [01;36m[Knote: [m[K  candidate expects 3 arguments, 0 provided
[3.690s] [01m[K/home/t-lemmel/Aquabot_Tom/src/move/src/waypoint_tracker.cpp:24:50:[m[K [01;31m[Kerror: [m[Kâ€˜[01m[Kclass std::__cxx11::basic_string<char>[m[Kâ€™ has no member named â€˜[01m[Kget_value[m[Kâ€™
[3.690s]    24 |     target = declare_parameter("target", "none").[01;31m[Kget_value[m[K<std::string>();
[3.690s]       |                                                  [01;31m[K^~~~~~~~~[m[K
[3.690s] [01m[K/home/t-lemmel/Aquabot_Tom/src/move/src/waypoint_tracker.cpp:24:71:[m[K [01;31m[Kerror: [m[Kexpected primary-expression before â€˜[01m[K>[m[Kâ€™ token
[3.690s]    24 |     target = declare_parameter("target", "none").get_value<std::string[01;31m[K>[m[K();
[3.691s]       |                                                                       [01;31m[K^[m[K
[3.691s] [01m[K/home/t-lemmel/Aquabot_Tom/src/move/src/waypoint_tracker.cpp:24:73:[m[K [01;31m[Kerror: [m[Kexpected primary-expression before â€˜[01m[K)[m[Kâ€™ token
[3.691s]    24 |     target = declare_parameter("target", "none").get_value<std::string>([01;31m[K)[m[K;
[3.691s]       |                                                                         [01;31m[K^[m[K
[3.693s] [01m[K/home/t-lemmel/Aquabot_Tom/src/move/src/waypoint_tracker.cpp:26:51:[m[K [01;31m[Kerror: [m[Krequest for member â€˜[01m[Kget_value[m[Kâ€™ in â€˜[01m[K((Tracker*)this)->Tracker::<anonymous>.rclcpp::Node::declare_parameter<double>(std::__cxx11::basic_string<char>(((const char*)"distance"), std::allocator<char>()), 0.0, rcl_interfaces::msg::ParameterDescriptor_<std::allocator<void> >(rosidl_runtime_cpp::MessageInitialization::ALL), 0)[m[Kâ€™, which is of non-class type â€˜[01m[Kdouble[m[Kâ€™
[3.693s]    26 |     distance = declare_parameter("distance", 0.0).[01;31m[Kget_value[m[K<float>();
[3.694s]       |                                                   [01;31m[K^~~~~~~~~[m[K
[3.694s] [01m[K/home/t-lemmel/Aquabot_Tom/src/move/src/waypoint_tracker.cpp:26:61:[m[K [01;31m[Kerror: [m[Kexpected primary-expression before â€˜[01m[Kfloat[m[Kâ€™
[3.694s]    26 |     distance = declare_parameter("distance", 0.0).get_value<[01;31m[Kfloat[m[K>();
[3.694s]       |                                                             [01;31m[K^~~~~[m[K
[3.705s] [01m[K/home/t-lemmel/Aquabot_Tom/src/move/src/waypoint_tracker.cpp:47:5:[m[K [01;31m[Kerror: [m[Kexpected â€˜[01m[K;[m[Kâ€™ before â€˜[01m[KKw[m[Kâ€™
[3.705s]    47 |     [01;31m[KKw[m[K = 1.0
[3.706s]       |     [01;31m[K^~[m[K
[3.706s] [01m[K/home/t-lemmel/Aquabot_Tom/src/move/src/waypoint_tracker.cpp:53:83:[m[K [01;31m[Kerror: [m[Kexpected primary-expression before â€˜[01m[K)[m[Kâ€™ token
[3.706s]    53 |     timer = create_timer(std::chrono::milliseconds(10), [this]() { this->move(); }[01;31m[K)[m[K;
[3.706s]       |                                                                                   [01;31m[K^[m[K
[3.707s] [01m[K/home/t-lemmel/Aquabot_Tom/src/move/src/waypoint_tracker.cpp:[m[K In member function â€˜[01m[Kvoid Tracker::move()[m[Kâ€™:
[3.707s] [01m[K/home/t-lemmel/Aquabot_Tom/src/move/src/waypoint_tracker.cpp:67:39:[m[K [01;31m[Kerror: [m[Kâ€˜[01m[Kclass tf2_ros::Buffer[m[Kâ€™ has no member named â€˜[01m[Klookup_transform[m[Kâ€™; did you mean â€˜[01m[KlookupTransform[m[Kâ€™?
[3.707s]    67 |       tf2::TimePoint time = tf_buffer.[01;31m[Klookup_transform[m[K("world", me, rclcpp::Time()).header.stamp;
[3.707s]       |                                       [01;31m[K^~~~~~~~~~~~~~~~[m[K
[3.707s]       |                                       [32m[KlookupTransform[m[K
[3.707s] [01m[K/home/t-lemmel/Aquabot_Tom/src/move/src/waypoint_tracker.cpp:73:63:[m[K [01;31m[Kerror: [m[Kâ€˜[01m[Kclass tf2_ros::Buffer[m[Kâ€™ has no member named â€˜[01m[Klookup_transform[m[Kâ€™; did you mean â€˜[01m[KlookupTransform[m[Kâ€™?
[3.707s]    73 |         geometry_msgs::msg::TransformStamped pose = tf_buffer.[01;31m[Klookup_transform[m[K("world", me, time);
[3.708s]       |                                                               [01;31m[K^~~~~~~~~~~~~~~~[m[K
[3.708s]       |                                                               [32m[KlookupTransform[m[K
[3.709s] [01m[K/home/t-lemmel/Aquabot_Tom/src/move/src/waypoint_tracker.cpp:88:75:[m[K [01;31m[Kerror: [m[Kâ€˜[01m[Kclass tf2_ros::Buffer[m[Kâ€™ has no member named â€˜[01m[Klookup_transform[m[Kâ€™; did you mean â€˜[01m[KlookupTransform[m[Kâ€™?
[3.709s]    88 |         geometry_msgs::msg::TransformStamped err_world_target = tf_buffer.[01;31m[Klookup_transform[m[K("world", target, time).transform;
[3.710s]       |                                                                           [01;31m[K^~~~~~~~~~~~~~~~[m[K
[3.710s]       |                                                                           [32m[KlookupTransform[m[K
[3.710s] [01m[K/home/t-lemmel/Aquabot_Tom/src/move/src/waypoint_tracker.cpp:90:73:[m[K [01;31m[Kerror: [m[Kâ€˜[01m[Kclass tf2_ros::Buffer[m[Kâ€™ has no member named â€˜[01m[Klookup_transform[m[Kâ€™; did you mean â€˜[01m[KlookupTransform[m[Kâ€™?
[3.710s]    90 |         geometry_msgs::msg::TransformStamped err_world_boat = tf_buffer.[01;31m[Klookup_transform[m[K("world", me, time).transform;
[3.710s]       |                                                                         [01;31m[K^~~~~~~~~~~~~~~~[m[K
[3.710s]       |                                                                         [32m[KlookupTransform[m[K
[3.711s] [01m[K/home/t-lemmel/Aquabot_Tom/src/move/src/waypoint_tracker.cpp:93:56:[m[K [01;31m[Kerror: [m[Kâ€˜[01m[Kusing TransformStamped = struct geometry_msgs::msg::TransformStamped_<std::allocator<void> >[m[Kâ€™ {aka â€˜[01m[Kstruct geometry_msgs::msg::TransformStamped_<std::allocator<void> >[m[Kâ€™} has no member named â€˜[01m[Ktranslation[m[Kâ€™
[3.711s]    93 |         err.transform.translation.x = err_world_target.[01;31m[Ktranslation[m[K.x - err_world_boat.translation.x;
[3.711s]       |                                                        [01;31m[K^~~~~~~~~~~[m[K
[3.711s] [01m[K/home/t-lemmel/Aquabot_Tom/src/move/src/waypoint_tracker.cpp:93:87:[m[K [01;31m[Kerror: [m[Kâ€˜[01m[Kusing TransformStamped = struct geometry_msgs::msg::TransformStamped_<std::allocator<void> >[m[Kâ€™ {aka â€˜[01m[Kstruct geometry_msgs::msg::TransformStamped_<std::allocator<void> >[m[Kâ€™} has no member named â€˜[01m[Ktranslation[m[Kâ€™
[3.711s]    93 |         err.transform.translation.x = err_world_target.translation.x - err_world_boat.[01;31m[Ktranslation[m[K.x;
[3.711s]       |                                                                                       [01;31m[K^~~~~~~~~~~[m[K
[3.712s] [01m[K/home/t-lemmel/Aquabot_Tom/src/move/src/waypoint_tracker.cpp:94:56:[m[K [01;31m[Kerror: [m[Kâ€˜[01m[Kusing TransformStamped = struct geometry_msgs::msg::TransformStamped_<std::allocator<void> >[m[Kâ€™ {aka â€˜[01m[Kstruct geometry_msgs::msg::TransformStamped_<std::allocator<void> >[m[Kâ€™} has no member named â€˜[01m[Ktranslation[m[Kâ€™
[3.712s]    94 |         err.transform.translation.y = err_world_target.[01;31m[Ktranslation[m[K.y - err_world_boat.translation.y;
[3.712s]       |                                                        [01;31m[K^~~~~~~~~~~[m[K
[3.712s] [01m[K/home/t-lemmel/Aquabot_Tom/src/move/src/waypoint_tracker.cpp:94:87:[m[K [01;31m[Kerror: [m[Kâ€˜[01m[Kusing TransformStamped = struct geometry_msgs::msg::TransformStamped_<std::allocator<void> >[m[Kâ€™ {aka â€˜[01m[Kstruct geometry_msgs::msg::TransformStamped_<std::allocator<void> >[m[Kâ€™} has no member named â€˜[01m[Ktranslation[m[Kâ€™
[3.713s]    94 |         err.transform.translation.y = err_world_target.translation.y - err_world_boat.[01;31m[Ktranslation[m[K.y;
[3.713s]       |                                                                                       [01;31m[K^~~~~~~~~~~[m[K
[3.713s] [01m[K/home/t-lemmel/Aquabot_Tom/src/move/src/waypoint_tracker.cpp:118:39:[m[K [01;31m[Kerror: [m[Kno matching function for call to â€˜[01m[Kclamp(std_msgs::msg::Float64_<std::allocator<void> >::_data_type&, double)[m[Kâ€™
[3.713s]   118 |         msg_distance.data = [01;31m[Kstd::clamp(msg_distance.data, 1000.0)[m[K;
[3.713s]       |                             [01;31m[K~~~~~~~~~~^~~~~~~~~~~~~~~~~~~~~~~~~~~[m[K
[3.713s] In file included from [01m[K/usr/include/c++/11/algorithm:62[m[K,
[3.713s]                  from [01m[K/opt/ros/humble/include/rclcpp/rclcpp/executor.hpp:18[m[K,
[3.714s]                  from [01m[K/opt/ros/humble/include/rclcpp/rclcpp/executors/multi_threaded_executor.hpp:25[m[K,
[3.714s]                  from [01m[K/opt/ros/humble/include/rclcpp/rclcpp/executors.hpp:21[m[K,
[3.714s]                  from [01m[K/opt/ros/humble/include/rclcpp/rclcpp/rclcpp.hpp:155[m[K,
[3.714s]                  from [01m[K/home/t-lemmel/Aquabot_Tom/src/move/src/waypoint_tracker.cpp:1[m[K:
[3.714s] [01m[K/usr/include/c++/11/bits/stl_algo.h:3656:5:[m[K [01;36m[Knote: [m[Kcandidate: â€˜[01m[Ktemplate<class _Tp> constexpr const _Tp& std::clamp(const _Tp&, const _Tp&, const _Tp&)[m[Kâ€™
[3.714s]  3656 |     [01;36m[Kclamp[m[K(const _Tp& __val, const _Tp& __lo, const _Tp& __hi)
[3.714s]       |     [01;36m[K^~~~~[m[K
[3.715s] [01m[K/usr/include/c++/11/bits/stl_algo.h:3656:5:[m[K [01;36m[Knote: [m[K  template argument deduction/substitution failed:
[3.715s] [01m[K/home/t-lemmel/Aquabot_Tom/src/move/src/waypoint_tracker.cpp:118:39:[m[K [01;36m[Knote: [m[K  candidate expects 3 arguments, 2 provided
[3.715s]   118 |         msg_distance.data = [01;36m[Kstd::clamp(msg_distance.data, 1000.0)[m[K;
[3.715s]       |                             [01;36m[K~~~~~~~~~~^~~~~~~~~~~~~~~~~~~~~~~~~~~[m[K
[3.715s] In file included from [01m[K/usr/include/c++/11/algorithm:62[m[K,
[3.715s]                  from [01m[K/opt/ros/humble/include/rclcpp/rclcpp/executor.hpp:18[m[K,
[3.715s]                  from [01m[K/opt/ros/humble/include/rclcpp/rclcpp/executors/multi_threaded_executor.hpp:25[m[K,
[3.716s]                  from [01m[K/opt/ros/humble/include/rclcpp/rclcpp/executors.hpp:21[m[K,
[3.716s]                  from [01m[K/opt/ros/humble/include/rclcpp/rclcpp/rclcpp.hpp:155[m[K,
[3.716s]                  from [01m[K/home/t-lemmel/Aquabot_Tom/src/move/src/waypoint_tracker.cpp:1[m[K:
[3.716s] [01m[K/usr/include/c++/11/bits/stl_algo.h:3674:5:[m[K [01;36m[Knote: [m[Kcandidate: â€˜[01m[Ktemplate<class _Tp, class _Compare> constexpr const _Tp& std::clamp(const _Tp&, const _Tp&, const _Tp&, _Compare)[m[Kâ€™
[3.716s]  3674 |     [01;36m[Kclamp[m[K(const _Tp& __val, const _Tp& __lo, const _Tp& __hi, _Compare __comp)
[3.716s]       |     [01;36m[K^~~~~[m[K
[3.716s] [01m[K/usr/include/c++/11/bits/stl_algo.h:3674:5:[m[K [01;36m[Knote: [m[K  template argument deduction/substitution failed:
[3.716s] [01m[K/home/t-lemmel/Aquabot_Tom/src/move/src/waypoint_tracker.cpp:118:39:[m[K [01;36m[Knote: [m[K  candidate expects 4 arguments, 2 provided
[3.716s]   118 |         msg_distance.data = [01;36m[Kstd::clamp(msg_distance.data, 1000.0)[m[K;
[3.717s]       |                             [01;36m[K~~~~~~~~~~^~~~~~~~~~~~~~~~~~~~~~~~~~~[m[K
[3.717s] [01m[K/home/t-lemmel/Aquabot_Tom/src/move/src/waypoint_tracker.cpp:120:39:[m[K [01;31m[Kerror: [m[Kno matching function for call to â€˜[01m[Kclamp(std_msgs::msg::Float64_<std::allocator<void> >::_data_type&, double)[m[Kâ€™
[3.717s]   120 |         msg_distance.data = [01;31m[Kstd::clamp(msg_distance.data, 6000.0)[m[K;
[3.717s]       |                             [01;31m[K~~~~~~~~~~^~~~~~~~~~~~~~~~~~~~~~~~~~~[m[K
[3.717s] In file included from [01m[K/usr/include/c++/11/algorithm:62[m[K,
[3.717s]                  from [01m[K/opt/ros/humble/include/rclcpp/rclcpp/executor.hpp:18[m[K,
[3.717s]                  from [01m[K/opt/ros/humble/include/rclcpp/rclcpp/executors/multi_threaded_executor.hpp:25[m[K,
[3.718s]                  from [01m[K/opt/ros/humble/include/rclcpp/rclcpp/executors.hpp:21[m[K,
[3.718s]                  from [01m[K/opt/ros/humble/include/rclcpp/rclcpp/rclcpp.hpp:155[m[K,
[3.718s]                  from [01m[K/home/t-lemmel/Aquabot_Tom/src/move/src/waypoint_tracker.cpp:1[m[K:
[3.718s] [01m[K/usr/include/c++/11/bits/stl_algo.h:3656:5:[m[K [01;36m[Knote: [m[Kcandidate: â€˜[01m[Ktemplate<class _Tp> constexpr const _Tp& std::clamp(const _Tp&, const _Tp&, const _Tp&)[m[Kâ€™
[3.718s]  3656 |     [01;36m[Kclamp[m[K(const _Tp& __val, const _Tp& __lo, const _Tp& __hi)
[3.718s]       |     [01;36m[K^~~~~[m[K
[3.718s] [01m[K/usr/include/c++/11/bits/stl_algo.h:3656:5:[m[K [01;36m[Knote: [m[K  template argument deduction/substitution failed:
[3.719s] [01m[K/home/t-lemmel/Aquabot_Tom/src/move/src/waypoint_tracker.cpp:120:39:[m[K [01;36m[Knote: [m[K  candidate expects 3 arguments, 2 provided
[3.719s]   120 |         msg_distance.data = [01;36m[Kstd::clamp(msg_distance.data, 6000.0)[m[K;
[3.719s]       |                             [01;36m[K~~~~~~~~~~^~~~~~~~~~~~~~~~~~~~~~~~~~~[m[K
[3.719s] In file included from [01m[K/usr/include/c++/11/algorithm:62[m[K,
[3.719s]                  from [01m[K/opt/ros/humble/include/rclcpp/rclcpp/executor.hpp:18[m[K,
[3.719s]                  from [01m[K/opt/ros/humble/include/rclcpp/rclcpp/executors/multi_threaded_executor.hpp:25[m[K,
[3.719s]                  from [01m[K/opt/ros/humble/include/rclcpp/rclcpp/executors.hpp:21[m[K,
[3.719s]                  from [01m[K/opt/ros/humble/include/rclcpp/rclcpp/rclcpp.hpp:155[m[K,
[3.720s]                  from [01m[K/home/t-lemmel/Aquabot_Tom/src/move/src/waypoint_tracker.cpp:1[m[K:
[3.720s] [01m[K/usr/include/c++/11/bits/stl_algo.h:3674:5:[m[K [01;36m[Knote: [m[Kcandidate: â€˜[01m[Ktemplate<class _Tp, class _Compare> constexpr const _Tp& std::clamp(const _Tp&, const _Tp&, const _Tp&, _Compare)[m[Kâ€™
[3.720s]  3674 |     [01;36m[Kclamp[m[K(const _Tp& __val, const _Tp& __lo, const _Tp& __hi, _Compare __comp)
[3.720s]       |     [01;36m[K^~~~~[m[K
[3.720s] [01m[K/usr/include/c++/11/bits/stl_algo.h:3674:5:[m[K [01;36m[Knote: [m[K  template argument deduction/substitution failed:
[3.720s] [01m[K/home/t-lemmel/Aquabot_Tom/src/move/src/waypoint_tracker.cpp:120:39:[m[K [01;36m[Knote: [m[K  candidate expects 4 arguments, 2 provided
[3.720s]   120 |         msg_distance.data = [01;36m[Kstd::clamp(msg_distance.data, 6000.0)[m[K;
[3.721s]       |                             [01;36m[K~~~~~~~~~~^~~~~~~~~~~~~~~~~~~~~~~~~~~[m[K
[3.721s] [01m[K/home/t-lemmel/Aquabot_Tom/src/move/src/waypoint_tracker.cpp:122:39:[m[K [01;31m[Kerror: [m[Kno matching function for call to â€˜[01m[Kclamp(std_msgs::msg::Float64_<std::allocator<void> >::_data_type&, double)[m[Kâ€™
[3.721s]   122 |         msg_distance.data = [01;31m[Kstd::clamp(msg_distance.data, 12000.0)[m[K;
[3.721s]       |                             [01;31m[K~~~~~~~~~~^~~~~~~~~~~~~~~~~~~~~~~~~~~~[m[K
[3.721s] In file included from [01m[K/usr/include/c++/11/algorithm:62[m[K,
[3.721s]                  from [01m[K/opt/ros/humble/include/rclcpp/rclcpp/executor.hpp:18[m[K,
[3.721s]                  from [01m[K/opt/ros/humble/include/rclcpp/rclcpp/executors/multi_threaded_executor.hpp:25[m[K,
[3.722s]                  from [01m[K/opt/ros/humble/include/rclcpp/rclcpp/executors.hpp:21[m[K,
[3.722s]                  from [01m[K/opt/ros/humble/include/rclcpp/rclcpp/rclcpp.hpp:155[m[K,
[3.722s]                  from [01m[K/home/t-lemmel/Aquabot_Tom/src/move/src/waypoint_tracker.cpp:1[m[K:
[3.722s] [01m[K/usr/include/c++/11/bits/stl_algo.h:3656:5:[m[K [01;36m[Knote: [m[Kcandidate: â€˜[01m[Ktemplate<class _Tp> constexpr const _Tp& std::clamp(const _Tp&, const _Tp&, const _Tp&)[m[Kâ€™
[3.722s]  3656 |     [01;36m[Kclamp[m[K(const _Tp& __val, const _Tp& __lo, const _Tp& __hi)
[3.722s]       |     [01;36m[K^~~~~[m[K
[3.722s] [01m[K/usr/include/c++/11/bits/stl_algo.h:3656:5:[m[K [01;36m[Knote: [m[K  template argument deduction/substitution failed:
[3.722s] [01m[K/home/t-lemmel/Aquabot_Tom/src/move/src/waypoint_tracker.cpp:122:39:[m[K [01;36m[Knote: [m[K  candidate expects 3 arguments, 2 provided
[3.722s]   122 |         msg_distance.data = [01;36m[Kstd::clamp(msg_distance.data, 12000.0)[m[K;
[3.723s]       |                             [01;36m[K~~~~~~~~~~^~~~~~~~~~~~~~~~~~~~~~~~~~~~[m[K
[3.723s] In file included from [01m[K/usr/include/c++/11/algorithm:62[m[K,
[3.723s]                  from [01m[K/opt/ros/humble/include/rclcpp/rclcpp/executor.hpp:18[m[K,
[3.723s]                  from [01m[K/opt/ros/humble/include/rclcpp/rclcpp/executors/multi_threaded_executor.hpp:25[m[K,
[3.723s]                  from [01m[K/opt/ros/humble/include/rclcpp/rclcpp/executors.hpp:21[m[K,
[3.723s]                  from [01m[K/opt/ros/humble/include/rclcpp/rclcpp/rclcpp.hpp:155[m[K,
[3.723s]                  from [01m[K/home/t-lemmel/Aquabot_Tom/src/move/src/waypoint_tracker.cpp:1[m[K:
[3.723s] [01m[K/usr/include/c++/11/bits/stl_algo.h:3674:5:[m[K [01;36m[Knote: [m[Kcandidate: â€˜[01m[Ktemplate<class _Tp, class _Compare> constexpr const _Tp& std::clamp(const _Tp&, const _Tp&, const _Tp&, _Compare)[m[Kâ€™
[3.723s]  3674 |     [01;36m[Kclamp[m[K(const _Tp& __val, const _Tp& __lo, const _Tp& __hi, _Compare __comp)
[3.723s]       |     [01;36m[K^~~~~[m[K
[3.723s] [01m[K/usr/include/c++/11/bits/stl_algo.h:3674:5:[m[K [01;36m[Knote: [m[K  template argument deduction/substitution failed:
[3.723s] [01m[K/home/t-lemmel/Aquabot_Tom/src/move/src/waypoint_tracker.cpp:122:39:[m[K [01;36m[Knote: [m[K  candidate expects 4 arguments, 2 provided
[3.723s]   122 |         msg_distance.data = [01;36m[Kstd::clamp(msg_distance.data, 12000.0)[m[K;
[3.723s]       |                             [01;36m[K~~~~~~~~~~^~~~~~~~~~~~~~~~~~~~~~~~~~~~[m[K
[7.458s] gmake[2]: *** [CMakeFiles/waypoint_tracker.dir/build.make:76: CMakeFiles/waypoint_tracker.dir/src/waypoint_tracker.cpp.o] Error 1
[7.458s] gmake[1]: *** [CMakeFiles/Makefile2:165: CMakeFiles/waypoint_tracker.dir/all] Error 2
[7.458s] gmake: *** [Makefile:146: all] Error 2
[7.461s] Invoked command in '/home/t-lemmel/Aquabot_Tom/build/move' returned '2': CMAKE_PREFIX_PATH=${CMAKE_PREFIX_PATH}:/opt/ros/humble PS1_ori=\[\e]0;\u@\h: \w\a\]${debian_chroot:+($debian_chroot)}\[\033[01;32m\]\u@\h\[\033[00m\]:\[\033[01;34m\]\w\[\033[00m\]\$ /usr/bin/cmake --build /home/t-lemmel/Aquabot_Tom/build/move -- -j8 -l8
