-- Found ament_cmake_auto: 1.3.5 (/opt/ros/humble/share/ament_cmake_auto/cmake)
-- Override CMake install command with custom implementation using symlinks instead of copying resources
-- Found rosidl_generator_c: 3.1.5 (/opt/ros/humble/share/rosidl_generator_c/cmake)
-- Found rosidl_adapter: 3.1.5 (/opt/ros/humble/share/rosidl_adapter/cmake)
-- Found rosidl_generator_cpp: 3.1.5 (/opt/ros/humble/share/rosidl_generator_cpp/cmake)
-- Using all available rosidl_typesupport_c: rosidl_typesupport_fastrtps_c;rosidl_typesupport_introspection_c
-- Using all available rosidl_typesupport_cpp: rosidl_typesupport_fastrtps_cpp;rosidl_typesupport_introspection_cpp
-- Found rmw_implementation_cmake: 6.1.1 (/opt/ros/humble/share/rmw_implementation_cmake/cmake)
-- Found rmw_fastrtps_cpp: 6.2.4 (/opt/ros/humble/share/rmw_fastrtps_cpp/cmake)
-- Using RMW implementation 'rmw_fastrtps_cpp' as default
-- Configuring done
-- Generating done
-- Build files have been written to: /home/t-lemmel/Aquabot_Tom/build/move
[35m[1mConsolidate compiler generated dependencies of target waypoint_tracker[0m
[ 25%] [32mBuilding CXX object CMakeFiles/gps2pose.dir/src/gps2pose.cpp.o[0m
[ 50%] [32mBuilding CXX object CMakeFiles/waypoint_tracker.dir/src/waypoint_tracker.cpp.o[0m
[01m[K/home/t-lemmel/Aquabot_Tom/src/move/src/gps2pose.cpp:9:10:[m[K [01;31m[Kfatal error: [m[Kutm.h: No such file or directory
    9 | #include [01;31m[K<utm.h>[m[K
      |          [01;31m[K^~~~~~~[m[K
compilation terminated.
gmake[2]: *** [CMakeFiles/gps2pose.dir/build.make:76: CMakeFiles/gps2pose.dir/src/gps2pose.cpp.o] Error 1
gmake[1]: *** [CMakeFiles/Makefile2:139: CMakeFiles/gps2pose.dir/all] Error 2
gmake[1]: *** Waiting for unfinished jobs....
[01m[K/home/t-lemmel/Aquabot_Tom/src/move/src/waypoint_tracker.cpp:[m[K In constructor â€˜[01m[KTracker::Tracker()[m[Kâ€™:
[01m[K/home/t-lemmel/Aquabot_Tom/src/move/src/waypoint_tracker.cpp:22:9:[m[K [01;31m[Kerror: [m[Kno matching function for call to â€˜[01m[Kgeometry_msgs::msg::Quaternion_<std::allocator<void> >::Quaternion_(double)[m[Kâ€™
   22 |         [01;31m[Korientation(0.0)[m[K {
      |         [01;31m[K^~~~~~~~~~~~~~~~[m[K
In file included from [01m[K/opt/ros/humble/include/sensor_msgs/sensor_msgs/msg/detail/imu__struct.hpp:22[m[K,
                 from [01m[K/opt/ros/humble/include/sensor_msgs/sensor_msgs/msg/imu.hpp:7[m[K,
                 from [01m[K/home/t-lemmel/Aquabot_Tom/src/move/src/waypoint_tracker.cpp:4[m[K:
[01m[K/opt/ros/humble/include/geometry_msgs/geometry_msgs/msg/detail/quaternion__struct.hpp:53:12:[m[K [01;36m[Knote: [m[Kcandidate: â€˜[01m[Kgeometry_msgs::msg::Quaternion_<ContainerAllocator>::Quaternion_(const ContainerAllocator&, rosidl_runtime_cpp::MessageInitialization) [with ContainerAllocator = std::allocator<void>][m[Kâ€™
   53 |   explicit [01;36m[KQuaternion_[m[K(const ContainerAllocator & _alloc, rosidl_runtime_cpp::MessageInitialization _init = rosidl_runtime_cpp::MessageInitialization::ALL)
      |            [01;36m[K^~~~~~~~~~~[m[K
[01m[K/opt/ros/humble/include/geometry_msgs/geometry_msgs/msg/detail/quaternion__struct.hpp:53:51:[m[K [01;36m[Knote: [m[K  no known conversion for argument 1 from â€˜[01m[Kdouble[m[Kâ€™ to â€˜[01m[Kconst std::allocator<void>&[m[Kâ€™
   53 |   explicit Quaternion_([01;36m[Kconst ContainerAllocator & _alloc[m[K, rosidl_runtime_cpp::MessageInitialization _init = rosidl_runtime_cpp::MessageInitialization::ALL)
      |                        [01;36m[K~~~~~~~~~~~~~~~~~~~~~~~~~~~^~~~~~[m[K
[01m[K/opt/ros/humble/include/geometry_msgs/geometry_msgs/msg/detail/quaternion__struct.hpp:36:12:[m[K [01;36m[Knote: [m[Kcandidate: â€˜[01m[Kgeometry_msgs::msg::Quaternion_<ContainerAllocator>::Quaternion_(rosidl_runtime_cpp::MessageInitialization) [with ContainerAllocator = std::allocator<void>][m[Kâ€™
   36 |   explicit [01;36m[KQuaternion_[m[K(rosidl_runtime_cpp::MessageInitialization _init = rosidl_runtime_cpp::MessageInitialization::ALL)
      |            [01;36m[K^~~~~~~~~~~[m[K
[01m[K/opt/ros/humble/include/geometry_msgs/geometry_msgs/msg/detail/quaternion__struct.hpp:36:66:[m[K [01;36m[Knote: [m[K  no known conversion for argument 1 from â€˜[01m[Kdouble[m[Kâ€™ to â€˜[01m[Krosidl_runtime_cpp::MessageInitialization[m[Kâ€™
   36 |   explicit Quaternion_([01;36m[Krosidl_runtime_cpp::MessageInitialization _init = rosidl_runtime_cpp::MessageInitialization::ALL[m[K)
      |                        [01;36m[K~~~~~~~~~~~~~~~~~~~~~~~~~~~~~~~~~~~~~~~~~~^~~~~~~~~~~~~~~~~~~~~~~~~~~~~~~~~~~~~~~~~~~~~~~~~~~~~~[m[K
[01m[K/opt/ros/humble/include/geometry_msgs/geometry_msgs/msg/detail/quaternion__struct.hpp:32:8:[m[K [01;36m[Knote: [m[Kcandidate: â€˜[01m[Kconstexpr geometry_msgs::msg::Quaternion_<std::allocator<void> >::Quaternion_(const geometry_msgs::msg::Quaternion_<std::allocator<void> >&)[m[Kâ€™
   32 | struct [01;36m[KQuaternion_[m[K
      |        [01;36m[K^~~~~~~~~~~[m[K
[01m[K/opt/ros/humble/include/geometry_msgs/geometry_msgs/msg/detail/quaternion__struct.hpp:32:8:[m[K [01;36m[Knote: [m[K  no known conversion for argument 1 from â€˜[01m[Kdouble[m[Kâ€™ to â€˜[01m[Kconst geometry_msgs::msg::Quaternion_<std::allocator<void> >&[m[Kâ€™
[01m[K/opt/ros/humble/include/geometry_msgs/geometry_msgs/msg/detail/quaternion__struct.hpp:32:8:[m[K [01;36m[Knote: [m[Kcandidate: â€˜[01m[Kconstexpr geometry_msgs::msg::Quaternion_<std::allocator<void> >::Quaternion_(geometry_msgs::msg::Quaternion_<std::allocator<void> >&&)[m[Kâ€™
[01m[K/opt/ros/humble/include/geometry_msgs/geometry_msgs/msg/detail/quaternion__struct.hpp:32:8:[m[K [01;36m[Knote: [m[K  no known conversion for argument 1 from â€˜[01m[Kdouble[m[Kâ€™ to â€˜[01m[Kgeometry_msgs::msg::Quaternion_<std::allocator<void> >&&[m[Kâ€™
[01m[K/home/t-lemmel/Aquabot_Tom/src/move/src/waypoint_tracker.cpp:22:24:[m[K [01;31m[Kerror: [m[Kno matching function for call to â€˜[01m[Ktf2_ros::Buffer::Buffer()[m[Kâ€™
   22 |         orientation(0.0[01;31m[K)[m[K {
      |                        [01;31m[K^[m[K
In file included from [01m[K/home/t-lemmel/Aquabot_Tom/src/move/src/waypoint_tracker.cpp:7[m[K:
[01m[K/opt/ros/humble/include/tf2_ros/tf2_ros/buffer.h:73:18:[m[K [01;36m[Knote: [m[Kcandidate: â€˜[01m[Ktf2_ros::Buffer::Buffer(rclcpp::Clock::SharedPtr, tf2::Duration, rclcpp::Node::SharedPtr)[m[Kâ€™
   73 |   TF2_ROS_PUBLIC [01;36m[KBuffer[m[K(
      |                  [01;36m[K^~~~~~[m[K
[01m[K/opt/ros/humble/include/tf2_ros/tf2_ros/buffer.h:73:18:[m[K [01;36m[Knote: [m[K  candidate expects 3 arguments, 0 provided
[01m[K/home/t-lemmel/Aquabot_Tom/src/move/src/waypoint_tracker.cpp:53:13:[m[K [01;31m[Kerror: [m[Kâ€˜[01m[Kcreate_timer[m[Kâ€™ was not declared in this scope; did you mean â€˜[01m[Krclcpp::create_timer[m[Kâ€™?
   53 |     timer = [01;31m[Kcreate_timer[m[K(std::chrono::milliseconds(10), [this]() { this->move(); });
      |             [01;31m[K^~~~~~~~~~~~[m[K
      |             [32m[Krclcpp::create_timer[m[K
In file included from [01m[K/opt/ros/humble/include/rclcpp/rclcpp/create_subscription.hpp:33[m[K,
                 from [01m[K/opt/ros/humble/include/rclcpp/rclcpp/node_impl.hpp:43[m[K,
                 from [01m[K/opt/ros/humble/include/rclcpp/rclcpp/node.hpp:1321[m[K,
                 from [01m[K/opt/ros/humble/include/rclcpp/rclcpp/executors/single_threaded_executor.hpp:28[m[K,
                 from [01m[K/opt/ros/humble/include/rclcpp/rclcpp/executors.hpp:22[m[K,
                 from [01m[K/opt/ros/humble/include/rclcpp/rclcpp/rclcpp.hpp:155[m[K,
                 from [01m[K/home/t-lemmel/Aquabot_Tom/src/move/src/waypoint_tracker.cpp:1[m[K:
[01m[K/opt/ros/humble/include/rclcpp/rclcpp/create_timer.hpp:57:1:[m[K [01;36m[Knote: [m[Kâ€˜[01m[Krclcpp::create_timer[m[Kâ€™ declared here
   57 | [01;36m[Kcreate_timer[m[K(
      | [01;36m[K^~~~~~~~~~~~[m[K
[01m[K/home/t-lemmel/Aquabot_Tom/src/move/src/waypoint_tracker.cpp:[m[K In member function â€˜[01m[Kvoid Tracker::move()[m[Kâ€™:
[01m[K/home/t-lemmel/Aquabot_Tom/src/move/src/waypoint_tracker.cpp:67:39:[m[K [01;31m[Kerror: [m[Kâ€˜[01m[Kclass tf2_ros::Buffer[m[Kâ€™ has no member named â€˜[01m[Know[m[Kâ€™
   67 |       tf2::TimePoint time = tf_buffer.[01;31m[Know[m[K();
      |                                       [01;31m[K^~~[m[K
[01m[K/home/t-lemmel/Aquabot_Tom/src/move/src/waypoint_tracker.cpp:88:114:[m[K [01;31m[Kerror: [m[Kconversion from â€˜[01m[Kgeometry_msgs::msg::TransformStamped_<std::allocator<void> >::_transform_type[m[Kâ€™ {aka â€˜[01m[Kgeometry_msgs::msg::Transform_<std::allocator<void> >[m[Kâ€™} to non-scalar type â€˜[01m[Kgeometry_msgs::msg::TransformStamped[m[Kâ€™ {aka â€˜[01m[Kgeometry_msgs::msg::TransformStamped_<std::allocator<void> >[m[Kâ€™} requested
   88 |         geometry_msgs::msg::TransformStamped err_world_target = [01;31m[Ktf_buffer.lookupTransform("world", target, time).transform[m[K;
      |                                                                 [01;31m[K~~~~~~~~~~~~~~~~~~~~~~~~~~~~~~~~~~~~~~~~~~~~~~~~~^~~~~~~~~[m[K
[01m[K/home/t-lemmel/Aquabot_Tom/src/move/src/waypoint_tracker.cpp:90:108:[m[K [01;31m[Kerror: [m[Kconversion from â€˜[01m[Kgeometry_msgs::msg::TransformStamped_<std::allocator<void> >::_transform_type[m[Kâ€™ {aka â€˜[01m[Kgeometry_msgs::msg::Transform_<std::allocator<void> >[m[Kâ€™} to non-scalar type â€˜[01m[Kgeometry_msgs::msg::TransformStamped[m[Kâ€™ {aka â€˜[01m[Kgeometry_msgs::msg::TransformStamped_<std::allocator<void> >[m[Kâ€™} requested
   90 |         geometry_msgs::msg::TransformStamped err_world_boat = [01;31m[Ktf_buffer.lookupTransform("world", me, time).transform[m[K;
      |                                                               [01;31m[K~~~~~~~~~~~~~~~~~~~~~~~~~~~~~~~~~~~~~~~~~~~~~^~~~~~~~~[m[K
gmake[2]: *** [CMakeFiles/waypoint_tracker.dir/build.make:76: CMakeFiles/waypoint_tracker.dir/src/waypoint_tracker.cpp.o] Error 1
gmake[1]: *** [CMakeFiles/Makefile2:165: CMakeFiles/waypoint_tracker.dir/all] Error 2
gmake: *** [Makefile:146: all] Error 2
